<?xml version="1.0" encoding="UTF-8"?>
<testsuite name="com.crud.tasks.controller.TaskControllerTestSuite" tests="6" skipped="0" failures="0" errors="0" timestamp="2018-03-06T21:49:43" hostname="macbook-air.home" time="0.114">
  <properties/>
  <testcase name="shouldUpdateTask" classname="com.crud.tasks.controller.TaskControllerTestSuite" time="0.035"/>
  <testcase name="shouldFetchTaskList" classname="com.crud.tasks.controller.TaskControllerTestSuite" time="0.023"/>
  <testcase name="shouldCreateTask" classname="com.crud.tasks.controller.TaskControllerTestSuite" time="0.013"/>
  <testcase name="shouldFetchEmptyTaskList" classname="com.crud.tasks.controller.TaskControllerTestSuite" time="0.007"/>
  <testcase name="shoudlDeleteTask" classname="com.crud.tasks.controller.TaskControllerTestSuite" time="0.011"/>
  <testcase name="shouldFetchTask" classname="com.crud.tasks.controller.TaskControllerTestSuite" time="0.012"/>
  <system-out><![CDATA[2018-03-06 22:49:42.008  INFO 1499 --- [    Test worker] .b.t.a.w.s.WebMvcTestContextBootstrapper : Neither @ContextConfiguration nor @ContextHierarchy found for test class [com.crud.tasks.controller.TaskControllerTestSuite], using SpringBootContextLoader
2018-03-06 22:49:42.009  INFO 1499 --- [    Test worker] o.s.t.c.support.AbstractContextLoader    : Could not detect default resource locations for test class [com.crud.tasks.controller.TaskControllerTestSuite]: no resource found for suffixes {-context.xml, Context.groovy}.
2018-03-06 22:49:42.012  INFO 1499 --- [    Test worker] t.c.s.AnnotationConfigContextLoaderUtils : Could not detect default configuration classes for test class [com.crud.tasks.controller.TaskControllerTestSuite]: TaskControllerTestSuite does not declare any static, non-private, non-final, nested classes annotated with @Configuration.
2018-03-06 22:49:42.021  INFO 1499 --- [    Test worker] .b.t.c.SpringBootTestContextBootstrapper : Found @SpringBootConfiguration com.crud.tasks.TasksApplication for test class com.crud.tasks.controller.TaskControllerTestSuite
2018-03-06 22:49:42.022  INFO 1499 --- [    Test worker] .b.t.a.w.s.WebMvcTestContextBootstrapper : Loaded default TestExecutionListener class names from location [META-INF/spring.factories]: [org.springframework.boot.test.autoconfigure.restdocs.RestDocsTestExecutionListener, org.springframework.boot.test.autoconfigure.web.client.MockRestServiceServerResetTestExecutionListener, org.springframework.boot.test.autoconfigure.web.servlet.MockMvcPrintOnlyOnFailureTestExecutionListener, org.springframework.boot.test.autoconfigure.web.servlet.WebDriverTestExecutionListener, org.springframework.boot.test.mock.mockito.MockitoTestExecutionListener, org.springframework.boot.test.mock.mockito.ResetMocksTestExecutionListener, org.springframework.test.context.web.ServletTestExecutionListener, org.springframework.test.context.support.DirtiesContextBeforeModesTestExecutionListener, org.springframework.test.context.support.DependencyInjectionTestExecutionListener, org.springframework.test.context.support.DirtiesContextTestExecutionListener, org.springframework.test.context.transaction.TransactionalTestExecutionListener, org.springframework.test.context.jdbc.SqlScriptsTestExecutionListener]
2018-03-06 22:49:42.024  INFO 1499 --- [    Test worker] .b.t.a.w.s.WebMvcTestContextBootstrapper : Using TestExecutionListeners: [org.springframework.test.context.web.ServletTestExecutionListener@664871a9, org.springframework.test.context.support.DirtiesContextBeforeModesTestExecutionListener@35f20918, org.springframework.boot.test.autoconfigure.SpringBootDependencyInjectionTestExecutionListener@4b099639, org.springframework.test.context.support.DirtiesContextTestExecutionListener@778f78d7, org.springframework.test.context.transaction.TransactionalTestExecutionListener@526f9ab6, org.springframework.test.context.jdbc.SqlScriptsTestExecutionListener@77f0f32a, org.springframework.boot.test.autoconfigure.web.servlet.MockMvcPrintOnlyOnFailureTestExecutionListener@704f0bb3, org.springframework.boot.test.mock.mockito.ResetMocksTestExecutionListener@7c8a9cad, org.springframework.boot.test.autoconfigure.restdocs.RestDocsTestExecutionListener@529e03a0, org.springframework.boot.test.autoconfigure.web.servlet.WebDriverTestExecutionListener@2287d37a, org.springframework.boot.test.mock.mockito.MockitoTestExecutionListener@2a1d460a, org.springframework.boot.test.autoconfigure.web.client.MockRestServiceServerResetTestExecutionListener@25ad810]

  .   ____          _            __ _ _
 /\\ / ___'_ __ _ _(_)_ __  __ _ \ \ \ \
( ( )\___ | '_ | '_| | '_ \/ _` | \ \ \ \
 \\/  ___)| |_)| | | | | || (_| |  ) ) ) )
  '  |____| .__|_| |_|_| |_\__, | / / / /
 =========|_|==============|___/=/_/_/_/
 :: Spring Boot ::             (v2.0.0.M7)

2018-03-06 22:49:42.073  INFO 1499 --- [    Test worker] c.c.t.c.TaskControllerTestSuite          : Starting TaskControllerTestSuite on macbook-air.home with PID 1499 (started by mikepolak in /Users/mikepolak/Downloads/michal-kalas-project-master)
2018-03-06 22:49:42.075  INFO 1499 --- [    Test worker] c.c.t.c.TaskControllerTestSuite          : No active profile set, falling back to default profiles: default
2018-03-06 22:49:42.079  INFO 1499 --- [    Test worker] o.s.w.c.s.GenericWebApplicationContext   : Refreshing org.springframework.web.context.support.GenericWebApplicationContext@75acc1b: startup date [Tue Mar 06 22:49:42 CET 2018]; root of context hierarchy
2018-03-06 22:49:42.937  INFO 1499 --- [    Test worker] o.h.v.i.engine.ValidatorFactoryImpl      : HV000238: Temporal validation tolerance set to 0.
2018-03-06 22:49:43.013  INFO 1499 --- [    Test worker] s.w.s.m.m.a.RequestMappingHandlerMapping : Mapped "{[/v1/task/getTask],methods=[GET]}" onto public com.crud.tasks.domain.TaskDto com.crud.tasks.controller.TaskController.getTask(java.lang.Long) throws com.crud.tasks.controller.TaskNotFoundException
2018-03-06 22:49:43.014  INFO 1499 --- [    Test worker] s.w.s.m.m.a.RequestMappingHandlerMapping : Mapped "{[/v1/task/getTasks],methods=[GET]}" onto public java.util.List<com.crud.tasks.domain.TaskDto> com.crud.tasks.controller.TaskController.getTasks()
2018-03-06 22:49:43.016  INFO 1499 --- [    Test worker] s.w.s.m.m.a.RequestMappingHandlerMapping : Mapped "{[/v1/task/deleteTask],methods=[DELETE]}" onto public void com.crud.tasks.controller.TaskController.deleteTask(long)
2018-03-06 22:49:43.019  INFO 1499 --- [    Test worker] s.w.s.m.m.a.RequestMappingHandlerMapping : Mapped "{[/v1/task/updateTask],methods=[PUT]}" onto public com.crud.tasks.domain.TaskDto com.crud.tasks.controller.TaskController.updateTask(com.crud.tasks.domain.TaskDto)
2018-03-06 22:49:43.022  INFO 1499 --- [    Test worker] s.w.s.m.m.a.RequestMappingHandlerMapping : Mapped "{[/v1/task/createTask],methods=[POST],consumes=[application/json]}" onto public void com.crud.tasks.controller.TaskController.createTask(com.crud.tasks.domain.TaskDto)
2018-03-06 22:49:43.031  INFO 1499 --- [    Test worker] s.w.s.m.m.a.RequestMappingHandlerMapping : Mapped "{[/swagger-resources/configuration/security]}" onto public org.springframework.http.ResponseEntity<springfox.documentation.swagger.web.SecurityConfiguration> springfox.documentation.swagger.web.ApiResourceController.securityConfiguration()
2018-03-06 22:49:43.032  INFO 1499 --- [    Test worker] s.w.s.m.m.a.RequestMappingHandlerMapping : Mapped "{[/swagger-resources/configuration/ui]}" onto public org.springframework.http.ResponseEntity<springfox.documentation.swagger.web.UiConfiguration> springfox.documentation.swagger.web.ApiResourceController.uiConfiguration()
2018-03-06 22:49:43.034  INFO 1499 --- [    Test worker] s.w.s.m.m.a.RequestMappingHandlerMapping : Mapped "{[/swagger-resources]}" onto public org.springframework.http.ResponseEntity<java.util.List<springfox.documentation.swagger.web.SwaggerResource>> springfox.documentation.swagger.web.ApiResourceController.swaggerResources()
2018-03-06 22:49:43.040  INFO 1499 --- [    Test worker] s.w.s.m.m.a.RequestMappingHandlerMapping : Mapped "{[/error]}" onto public org.springframework.http.ResponseEntity<java.util.Map<java.lang.String, java.lang.Object>> org.springframework.boot.autoconfigure.web.servlet.error.BasicErrorController.error(javax.servlet.http.HttpServletRequest)
2018-03-06 22:49:43.041  INFO 1499 --- [    Test worker] s.w.s.m.m.a.RequestMappingHandlerMapping : Mapped "{[/error],produces=[text/html]}" onto public org.springframework.web.servlet.ModelAndView org.springframework.boot.autoconfigure.web.servlet.error.BasicErrorController.errorHtml(javax.servlet.http.HttpServletRequest,javax.servlet.http.HttpServletResponse)
2018-03-06 22:49:43.228  INFO 1499 --- [    Test worker] pertySourcedRequestMappingHandlerMapping : Mapped URL path [/v2/api-docs] onto method [public org.springframework.http.ResponseEntity<springfox.documentation.spring.web.json.Json> springfox.documentation.swagger2.web.Swagger2Controller.getDocumentation(java.lang.String,javax.servlet.http.HttpServletRequest)]
2018-03-06 22:49:43.278  INFO 1499 --- [    Test worker] o.h.v.i.engine.ValidatorFactoryImpl      : HV000238: Temporal validation tolerance set to 0.
2018-03-06 22:49:43.550  INFO 1499 --- [    Test worker] s.w.s.m.m.a.RequestMappingHandlerAdapter : Looking for @ControllerAdvice: org.springframework.web.context.support.GenericWebApplicationContext@75acc1b: startup date [Tue Mar 06 22:49:42 CET 2018]; root of context hierarchy
2018-03-06 22:49:43.593  INFO 1499 --- [    Test worker] o.s.w.s.handler.SimpleUrlHandlerMapping  : Mapped URL path [/lib/**] onto handler of type [class org.springframework.web.servlet.resource.ResourceHttpRequestHandler]
2018-03-06 22:49:43.593  INFO 1499 --- [    Test worker] o.s.w.s.handler.SimpleUrlHandlerMapping  : Mapped URL path [/images/**] onto handler of type [class org.springframework.web.servlet.resource.ResourceHttpRequestHandler]
2018-03-06 22:49:43.594  INFO 1499 --- [    Test worker] o.s.w.s.handler.SimpleUrlHandlerMapping  : Mapped URL path [/css/**] onto handler of type [class org.springframework.web.servlet.resource.ResourceHttpRequestHandler]
2018-03-06 22:49:43.594  INFO 1499 --- [    Test worker] o.s.w.s.handler.SimpleUrlHandlerMapping  : Mapped URL path [/swagger-ui.html] onto handler of type [class org.springframework.web.servlet.resource.ResourceHttpRequestHandler]
2018-03-06 22:49:43.594  INFO 1499 --- [    Test worker] o.s.w.s.handler.SimpleUrlHandlerMapping  : Mapped URL path [/webjars/**] onto handler of type [class org.springframework.web.servlet.resource.ResourceHttpRequestHandler]
2018-03-06 22:49:43.594  INFO 1499 --- [    Test worker] o.s.w.s.handler.SimpleUrlHandlerMapping  : Mapped URL path [/**] onto handler of type [class org.springframework.web.servlet.resource.ResourceHttpRequestHandler]
2018-03-06 22:49:43.648  INFO 1499 --- [    Test worker] o.s.w.s.handler.SimpleUrlHandlerMapping  : Mapped URL path [/**/favicon.ico] onto handler of type [class org.springframework.web.servlet.resource.ResourceHttpRequestHandler]
2018-03-06 22:49:43.751  INFO 1499 --- [    Test worker] o.s.b.t.m.w.SpringBootMockServletContext : Initializing Spring FrameworkServlet ''
2018-03-06 22:49:43.752  INFO 1499 --- [    Test worker] o.s.t.web.servlet.TestDispatcherServlet  : FrameworkServlet '': initialization started
2018-03-06 22:49:43.764  INFO 1499 --- [    Test worker] o.s.t.web.servlet.TestDispatcherServlet  : FrameworkServlet '': initialization completed in 12 ms
2018-03-06 22:49:43.894  INFO 1499 --- [    Test worker] o.s.c.support.DefaultLifecycleProcessor  : Starting beans in phase 2147483647
2018-03-06 22:49:43.894  INFO 1499 --- [    Test worker] d.s.w.p.DocumentationPluginsBootstrapper : Context refreshed
2018-03-06 22:49:43.895  INFO 1499 --- [    Test worker] d.s.w.p.DocumentationPluginsBootstrapper : Found 1 custom documentation plugin(s)
2018-03-06 22:49:43.910  INFO 1499 --- [    Test worker] s.d.s.w.s.ApiListingReferenceScanner     : Scanning for api listing references
2018-03-06 22:49:43.970  INFO 1499 --- [    Test worker] c.c.t.c.TaskControllerTestSuite          : Started TaskControllerTestSuite in 1.939 seconds (JVM running for 11.518)
]]></system-out>
  <system-err><![CDATA[]]></system-err>
</testsuite>
