<?xml version="1.0" encoding="UTF-8"?>
<testsuite name="com.crud.tasks.trello.client.TrelloClientTest" tests="3" skipped="0" failures="0" errors="0" timestamp="2018-03-06T21:49:44" hostname="macbook-air.home" time="0.013">
  <properties/>
  <testcase name="shouldReturnEmptyList" classname="com.crud.tasks.trello.client.TrelloClientTest" time="0.004"/>
  <testcase name="shouldFetchTrelloBoards" classname="com.crud.tasks.trello.client.TrelloClientTest" time="0.004"/>
  <testcase name="shouldCreateCard" classname="com.crud.tasks.trello.client.TrelloClientTest" time="0.002"/>
  <system-out><![CDATA[http://test.com/members/mikepolak5/boards?key=test&token=test&fields=name,id&lists=all
http://test.com/cards?key=test&token=test&name=Test%20task&desc=Test%20description&pos=top&idList=test_id
]]></system-out>
  <system-err><![CDATA[]]></system-err>
</testsuite>
