<?xml version="1.0" encoding="UTF-8"?>
<testsuite name="com.crud.tasks.trello.service.TrelloServiceTestSuite" tests="1" skipped="0" failures="0" errors="0" timestamp="2018-03-06T21:49:44" hostname="macbook-air.home" time="0.001">
  <properties/>
  <testcase name="createdTrelloCardTest" classname="com.crud.tasks.trello.service.TrelloServiceTestSuite" time="0.001"/>
  <system-out><![CDATA[]]></system-out>
  <system-err><![CDATA[]]></system-err>
</testsuite>
