<?xml version="1.0" encoding="UTF-8"?>
<testsuite name="com.crud.tasks.mapper.TaskMapperTestSuite" tests="3" skipped="0" failures="0" errors="0" timestamp="2018-03-06T21:49:34" hostname="macbook-air.home" time="0.004">
  <properties/>
  <testcase name="mapToTaskDtoTest" classname="com.crud.tasks.mapper.TaskMapperTestSuite" time="0.001"/>
  <testcase name="mapToTaskTest" classname="com.crud.tasks.mapper.TaskMapperTestSuite" time="0.0"/>
  <testcase name="mapToTaskDtoListTest" classname="com.crud.tasks.mapper.TaskMapperTestSuite" time="0.001"/>
  <system-out><![CDATA[]]></system-out>
  <system-err><![CDATA[]]></system-err>
</testsuite>
