<?xml version="1.0" encoding="UTF-8"?>
<testsuite name="com.crud.tasks.controller.TrelloControllerTest" tests="3" skipped="0" failures="0" errors="0" timestamp="2018-03-06T21:49:41" hostname="macbook-air.home" time="0.537">
  <properties/>
  <testcase name="shouldFetchTrelloBoards" classname="com.crud.tasks.controller.TrelloControllerTest" time="0.431"/>
  <testcase name="shouldFetchEmptyTrelloBoards" classname="com.crud.tasks.controller.TrelloControllerTest" time="0.008"/>
  <testcase name="shouldCreateTrelloCard" classname="com.crud.tasks.controller.TrelloControllerTest" time="0.094"/>
  <system-out><![CDATA[22:49:34.408 [Test worker] DEBUG org.springframework.test.context.junit4.SpringJUnit4ClassRunner - SpringJUnit4ClassRunner constructor called with [class com.crud.tasks.controller.TrelloControllerTest]
22:49:34.423 [Test worker] DEBUG org.springframework.test.context.BootstrapUtils - Instantiating CacheAwareContextLoaderDelegate from class [org.springframework.test.context.cache.DefaultCacheAwareContextLoaderDelegate]
22:49:34.437 [Test worker] DEBUG org.springframework.test.context.BootstrapUtils - Instantiating BootstrapContext using constructor [public org.springframework.test.context.support.DefaultBootstrapContext(java.lang.Class,org.springframework.test.context.CacheAwareContextLoaderDelegate)]
22:49:34.460 [Test worker] DEBUG org.springframework.test.context.BootstrapUtils - Instantiating TestContextBootstrapper for test class [com.crud.tasks.controller.TrelloControllerTest] from class [org.springframework.boot.test.autoconfigure.web.servlet.WebMvcTestContextBootstrapper]
22:49:34.514 [Test worker] INFO org.springframework.boot.test.autoconfigure.web.servlet.WebMvcTestContextBootstrapper - Neither @ContextConfiguration nor @ContextHierarchy found for test class [com.crud.tasks.controller.TrelloControllerTest], using SpringBootContextLoader
22:49:34.520 [Test worker] DEBUG org.springframework.test.context.support.AbstractContextLoader - Did not detect default resource location for test class [com.crud.tasks.controller.TrelloControllerTest]: class path resource [com/crud/tasks/controller/TrelloControllerTest-context.xml] does not exist
22:49:34.521 [Test worker] DEBUG org.springframework.test.context.support.AbstractContextLoader - Did not detect default resource location for test class [com.crud.tasks.controller.TrelloControllerTest]: class path resource [com/crud/tasks/controller/TrelloControllerTestContext.groovy] does not exist
22:49:34.521 [Test worker] INFO org.springframework.test.context.support.AbstractContextLoader - Could not detect default resource locations for test class [com.crud.tasks.controller.TrelloControllerTest]: no resource found for suffixes {-context.xml, Context.groovy}.
22:49:34.525 [Test worker] INFO org.springframework.test.context.support.AnnotationConfigContextLoaderUtils - Could not detect default configuration classes for test class [com.crud.tasks.controller.TrelloControllerTest]: TrelloControllerTest does not declare any static, non-private, non-final, nested classes annotated with @Configuration.
22:49:34.682 [Test worker] DEBUG org.springframework.test.context.support.ActiveProfilesUtils - Could not find an 'annotation declaring class' for annotation type [org.springframework.test.context.ActiveProfiles] and class [com.crud.tasks.controller.TrelloControllerTest]
22:49:34.690 [Test worker] DEBUG org.springframework.core.env.StandardEnvironment - Adding PropertySource 'systemProperties' with lowest search precedence
22:49:34.691 [Test worker] DEBUG org.springframework.core.env.StandardEnvironment - Adding PropertySource 'systemEnvironment' with lowest search precedence
22:49:34.692 [Test worker] DEBUG org.springframework.core.env.StandardEnvironment - Initialized StandardEnvironment with PropertySources [MapPropertySource@1348043151 {name='systemProperties', properties={java.runtime.name=Java(TM) SE Runtime Environment, sun.boot.library.path=/Library/Java/JavaVirtualMachines/jdk1.8.0_151.jdk/Contents/Home/jre/lib, java.vm.version=25.151-b12, gopherProxySet=false, java.vm.vendor=Oracle Corporation, java.vendor.url=http://java.oracle.com/, path.separator=:, java.vm.name=Java HotSpot(TM) 64-Bit Server VM, file.encoding.pkg=sun.io, sun.java.launcher=SUN_STANDARD, user.country=PL, sun.os.patch.level=unknown, java.vm.specification.name=Java Virtual Machine Specification, user.dir=/Users/mikepolak/Downloads/michal-kalas-project-master, java.runtime.version=1.8.0_151-b12, java.awt.graphicsenv=sun.awt.CGraphicsEnvironment, java.endorsed.dirs=/Library/Java/JavaVirtualMachines/jdk1.8.0_151.jdk/Contents/Home/jre/lib/endorsed, os.arch=x86_64, java.io.tmpdir=/var/folders/mh/873zkjwn29g7m55l6m239l580000gn/T/, line.separator=
, java.vm.specification.vendor=Oracle Corporation, user.variant=, os.name=Mac OS X, sun.jnu.encoding=UTF-8, java.library.path=/Users/mikepolak/Library/Java/Extensions:/Library/Java/Extensions:/Network/Library/Java/Extensions:/System/Library/Java/Extensions:/usr/lib/java:., java.specification.name=Java Platform API Specification, java.class.version=52.0, org.gradle.native=false, sun.management.compiler=HotSpot 64-Bit Tiered Compilers, os.version=10.13.3, http.nonProxyHosts=tomatoproxy.eu|*.tomatoproxy.eu, user.home=/Users/mikepolak, user.timezone=Europe/Warsaw, java.awt.printerjob=sun.lwawt.macosx.CPrinterJob, file.encoding=UTF-8, java.specification.version=1.8, java.class.path=/Users/mikepolak/Downloads/michal-kalas-project-master/build/classes/java/test:/Users/mikepolak/Downloads/michal-kalas-project-master/build/resources/test:/Users/mikepolak/Downloads/michal-kalas-project-master/build/classes/java/main:/Users/mikepolak/Downloads/michal-kalas-project-master/build/resources/main:/Users/mikepolak/.gradle/caches/modules-2/files-2.1/org.springframework.boot/spring-boot-starter-data-jpa/2.0.0.M7/2b296829ab8517ff3754bdab10d85536767038c2/spring-boot-starter-data-jpa-2.0.0.M7.jar:/Users/mikepolak/.gradle/caches/modules-2/files-2.1/mysql/mysql-connector-java/5.1.44/61b6b998192c85bb581c6be90e03dcd4b9079db4/mysql-connector-java-5.1.44.jar:/Users/mikepolak/.gradle/caches/modules-2/files-2.1/org.springframework.boot/spring-boot-starter-web/2.0.0.M7/eb364c43417c6de883c38ffc9d79b91a63c9c3bd/spring-boot-starter-web-2.0.0.M7.jar:/Users/mikepolak/.gradle/caches/modules-2/files-2.1/org.projectlombok/lombok/1.16.18/557d13dcb647038dc687390711ccb5c9b3ffbd60/lombok-1.16.18.jar:/Users/mikepolak/.gradle/caches/modules-2/files-2.1/org.springframework.boot/spring-boot-starter-mail/1.5.7.RELEASE/469b7af6bb6058d63d059b9549b5dff1e91a6b0/spring-boot-starter-mail-1.5.7.RELEASE.jar:/Users/mikepolak/.gradle/caches/modules-2/files-2.1/io.springfox/springfox-swagger2/2.7.0/dd28b7ce26af1209d6ef19f5f24a8c23b41ca6fc/springfox-swagger2-2.7.0.jar:/Users/mikepolak/.gradle/caches/modules-2/files-2.1/io.springfox/springfox-swagger-ui/2.7.0/92608eb6c2056810b4e3189196b4e8cce645d6de/springfox-swagger-ui-2.7.0.jar:/Users/mikepolak/.gradle/caches/modules-2/files-2.1/com.google.code.gson/gson/2.8.2/3edcfe49d2c6053a70a2a47e4e1c2f94998a49cf/gson-2.8.2.jar:/Users/mikepolak/.gradle/caches/modules-2/files-2.1/org.springframework.boot/spring-boot-starter-actuator/2.0.0.M7/466bee1721e6d7c3db57ae91d0e9802d980384ec/spring-boot-starter-actuator-2.0.0.M7.jar:/Users/mikepolak/.gradle/caches/modules-2/files-2.1/org.springframework.boot/spring-boot-starter-test/2.0.0.M7/8cf69bda8093fc1fb7436a82fac3adde4fd5e97b/spring-boot-starter-test-2.0.0.M7.jar:/Users/mikepolak/.gradle/caches/modules-2/files-2.1/org.springframework.boot/spring-boot-starter-aop/2.0.0.M7/6a979041d2c43d4f5ba8025ba6fafb0df4698679/spring-boot-starter-aop-2.0.0.M7.jar:/Users/mikepolak/.gradle/caches/modules-2/files-2.1/org.springframework.boot/spring-boot-starter-jdbc/2.0.0.M7/cd0eb5ba738573c70b24f5aab663c9e8270d4d93/spring-boot-starter-jdbc-2.0.0.M7.jar:/Users/mikepolak/.gradle/caches/modules-2/files-2.1/org.springframework.boot/spring-boot-starter-json/2.0.0.M7/7f352d7960cbe1a341e0721625dddb1bca6c5313/spring-boot-starter-json-2.0.0.M7.jar:/Users/mikepolak/.gradle/caches/modules-2/files-2.1/org.springframework.boot/spring-boot-starter/2.0.0.M7/b9affaea8ab21294386d5c2682b66f143852878d/spring-boot-starter-2.0.0.M7.jar:/Users/mikepolak/.gradle/caches/modules-2/files-2.1/org.hibernate/hibernate-core/5.2.12.Final/ea479b6692e22c9b642dd4142db670e92d106544/hibernate-core-5.2.12.Final.jar:/Users/mikepolak/.gradle/caches/modules-2/files-2.1/javax.transaction/javax.transaction-api/1.2/d81aff979d603edd90dcd8db2abc1f4ce6479e3e/javax.transaction-api-1.2.jar:/Users/mikepolak/.gradle/caches/modules-2/files-2.1/org.springframework.data/spring-data-jpa/2.0.2.RELEASE/87ab35c6913a55acade27592161d3b7a543c68a9/spring-data-jpa-2.0.2.RELEASE.jar:/Users/mikepolak/.gradle/caches/modules-2/files-2.1/org.springframework/spring-aspects/5.0.2.RELEASE/b26a3ab00f741144c4e2dab39c0ab0ea7a411ef/spring-aspects-5.0.2.RELEASE.jar:/Users/mikepolak/.gradle/caches/modules-2/files-2.1/org.springframework.boot/spring-boot-starter-tomcat/2.0.0.M7/709f5f42c3cfdc6d5a5d6921b7bcb7714f8d638c/spring-boot-starter-tomcat-2.0.0.M7.jar:/Users/mikepolak/.gradle/caches/modules-2/files-2.1/org.hibernate.validator/hibernate-validator/6.0.5.Final/c0a53a8178a0487c5f2fe84434b9965a3cd44f22/hibernate-validator-6.0.5.Final.jar:/Users/mikepolak/.gradle/caches/modules-2/files-2.1/org.springframework/spring-webmvc/5.0.2.RELEASE/8dbe4a28cae3ffa222aeff6776a3928a88d66e6f/spring-webmvc-5.0.2.RELEASE.jar:/Users/mikepolak/.gradle/caches/modules-2/files-2.1/org.springframework/spring-web/5.0.2.RELEASE/eea8edef792fb93c1c55cc61078ce14ffb3542df/spring-web-5.0.2.RELEASE.jar:/Users/mikepolak/.gradle/caches/modules-2/files-2.1/org.springframework/spring-context-support/5.0.2.RELEASE/f3dcba6050b1635aacc606243decc99515d1430/spring-context-support-5.0.2.RELEASE.jar:/Users/mikepolak/.gradle/caches/modules-2/files-2.1/io.springfox/springfox-swagger-common/2.7.0/5a632aecc733753887f90592382fa271e546062a/springfox-swagger-common-2.7.0.jar:/Users/mikepolak/.gradle/caches/modules-2/files-2.1/io.springfox/springfox-spring-web/2.7.0/a54be5572b6b5210f6892e13d6b136dde5e96bf6/springfox-spring-web-2.7.0.jar:/Users/mikepolak/.gradle/caches/modules-2/files-2.1/io.springfox/springfox-schema/2.7.0/aab297a6781e829b9d6bac514a4dc860966c3c8d/springfox-schema-2.7.0.jar:/Users/mikepolak/.gradle/caches/modules-2/files-2.1/io.springfox/springfox-spi/2.7.0/dab14edcb863dd506278dc950908b4f684e93b7/springfox-spi-2.7.0.jar:/Users/mikepolak/.gradle/caches/modules-2/files-2.1/io.springfox/springfox-core/2.7.0/f3e6d1cf5170b4b56ee0a00c1b3b05221f2ecb96/springfox-core-2.7.0.jar:/Users/mikepolak/.gradle/caches/modules-2/files-2.1/org.springframework.plugin/spring-plugin-metadata/1.2.0.RELEASE/97223fc496b6cab31602eedbd4202aa4fff0d44f/spring-plugin-metadata-1.2.0.RELEASE.jar:/Users/mikepolak/.gradle/caches/modules-2/files-2.1/org.springframework.plugin/spring-plugin-core/1.2.0.RELEASE/f380e7760032e7d929184f8ad8a33716b75c0657/spring-plugin-core-1.2.0.RELEASE.jar:/Users/mikepolak/.gradle/caches/modules-2/files-2.1/org.springframework.boot/spring-boot-actuator-autoconfigure/2.0.0.M7/1f9d133079b50d17ccf2356ef0f196898b2ebc2c/spring-boot-actuator-autoconfigure-2.0.0.M7.jar:/Users/mikepolak/.gradle/caches/modules-2/files-2.1/org.springframework.boot/spring-boot-test-autoconfigure/2.0.0.M7/e394cadb478d2010bc16e3bb9bb4aae3393c5241/spring-boot-test-autoconfigure-2.0.0.M7.jar:/Users/mikepolak/.gradle/caches/modules-2/files-2.1/org.springframework.boot/spring-boot-test/2.0.0.M7/6a9052117e71cce41eb0bddb68b97ffeaf0b32c4/spring-boot-test-2.0.0.M7.jar:/Users/mikepolak/.gradle/caches/modules-2/files-2.1/org.springframework.boot/spring-boot-autoconfigure/2.0.0.M7/db2360882ec36c119c4378d01b0325a833b07271/spring-boot-autoconfigure-2.0.0.M7.jar:/Users/mikepolak/.gradle/caches/modules-2/files-2.1/org.springframework.boot/spring-boot-actuator/2.0.0.M7/aaa3f25e522ebfb16a65b0524afa2a09b863cb40/spring-boot-actuator-2.0.0.M7.jar:/Users/mikepolak/.gradle/caches/modules-2/files-2.1/org.springframework.boot/spring-boot/2.0.0.M7/b1e1ad98517ae8988dd578b3ae2e2705c8f5634/spring-boot-2.0.0.M7.jar:/Users/mikepolak/.gradle/caches/modules-2/files-2.1/org.springframework/spring-context/5.0.2.RELEASE/743a5f6d94a8af5759e6e70c360a7b4a47a704c/spring-context-5.0.2.RELEASE.jar:/Users/mikepolak/.gradle/caches/modules-2/files-2.1/com.sun.mail/javax.mail/1.6.0/a055c648842c4954c1f7db7254f45d9ad565e278/javax.mail-1.6.0.jar:/Users/mikepolak/.gradle/caches/modules-2/files-2.1/io.swagger/swagger-models/1.5.13/571a0046f35f9dac569a1870465248595e33ccdb/swagger-models-1.5.13.jar:/Users/mikepolak/.gradle/caches/modules-2/files-2.1/io.swagger/swagger-annotations/1.5.13/72433c890a61a876d22063e269be421c810a1a8d/swagger-annotations-1.5.13.jar:/Users/mikepolak/.gradle/caches/modules-2/files-2.1/org.reflections/reflections/0.9.11/4c686033d918ec1727e329b7222fcb020152e32b/reflections-0.9.11.jar:/Users/mikepolak/.gradle/caches/modules-2/files-2.1/com.google.guava/guava/20.0/89507701249388e1ed5ddcf8c41f4ce1be7831ef/guava-20.0.jar:/Users/mikepolak/.gradle/caches/modules-2/files-2.1/com.fasterxml/classmate/1.3.4/3d5f48f10bbe4eb7bd862f10c0583be2e0053c6/classmate-1.3.4.jar:/Users/mikepolak/.gradle/caches/modules-2/files-2.1/com.jayway.jsonpath/json-path/2.4.0/765a4401ceb2dc8d40553c2075eb80a8fa35c2ae/json-path-2.4.0.jar:/Users/mikepolak/.gradle/caches/modules-2/files-2.1/com.zaxxer/HikariCP/2.7.4/c101cbc2d07c0adffa0857e742229ef785892699/HikariCP-2.7.4.jar:/Users/mikepolak/.gradle/caches/modules-2/files-2.1/org.springframework.data/spring-data-commons/2.0.2.RELEASE/1befa3239976b856202b1735531910a0c2f4e17f/spring-data-commons-2.0.2.RELEASE.jar:/Users/mikepolak/.gradle/caches/modules-2/files-2.1/org.springframework.boot/spring-boot-starter-logging/2.0.0.M7/328a8032b5ed852958d410dec02638c0a93b3cb1/spring-boot-starter-logging-2.0.0.M7.jar:/Users/mikepolak/.gradle/caches/modules-2/files-2.1/ch.qos.logback/logback-classic/1.2.3/7c4f3c474fb2c041d8028740440937705ebb473a/logback-classic-1.2.3.jar:/Users/mikepolak/.gradle/caches/modules-2/files-2.1/org.apache.logging.log4j/log4j-to-slf4j/2.10.0/f7e631ccf49cfc0aefa4a2a728da7d374c05bd3c/log4j-to-slf4j-2.10.0.jar:/Users/mikepolak/.gradle/caches/modules-2/files-2.1/org.slf4j/jul-to-slf4j/1.7.25/af5364cd6679bfffb114f0dec8a157aaa283b76/jul-to-slf4j-1.7.25.jar:/Users/mikepolak/.gradle/caches/modules-2/files-2.1/org.slf4j/slf4j-api/1.7.25/da76ca59f6a57ee3102f8f9bd9cee742973efa8a/slf4j-api-1.7.25.jar:/Users/mikepolak/.gradle/caches/modules-2/files-2.1/org.mapstruct/mapstruct/1.1.0.Final/65b81fa5234e1fd8461b77bbccee7b9ebc0bbbb2/mapstruct-1.1.0.Final.jar:/Users/mikepolak/.gradle/caches/modules-2/files-2.1/io.micrometer/micrometer-core/1.0.0-rc.5/d6337ff8c75026c6ad582f96244d973287a046b/micrometer-core-1.0.0-rc.5.jar:/Users/mikepolak/.gradle/caches/modules-2/files-2.1/junit/junit/4.12/2973d150c0dc1fefe998f834810d68f278ea58ec/junit-4.12.jar:/Users/mikepolak/.gradle/caches/modules-2/files-2.1/org.assertj/assertj-core/3.8.0/b209d90ff2e279bee3e02547ee7b11349c52d0e3/assertj-core-3.8.0.jar:/Users/mikepolak/.gradle/caches/modules-2/files-2.1/org.mockito/mockito-core/2.12.0/a42fb82aa1eccb27c3f0371c8bc7385ae1c6598d/mockito-core-2.12.0.jar:/Users/mikepolak/.gradle/caches/modules-2/files-2.1/org.hamcrest/hamcrest-library/1.3/4785a3c21320980282f9f33d0d1264a69040538f/hamcrest-library-1.3.jar:/Users/mikepolak/.gradle/caches/modules-2/files-2.1/org.hamcrest/hamcrest-core/1.3/42a25dc3219429f0e5d060061f71acb49bf010a0/hamcrest-core-1.3.jar:/Users/mikepolak/.gradle/caches/modules-2/files-2.1/org.skyscreamer/jsonassert/1.5.0/6c9d5fe2f59da598d9aefc1cfc6528ff3cf32df3/jsonassert-1.5.0.jar:/Users/mikepolak/.gradle/caches/modules-2/files-2.1/org.springframework/spring-test/5.0.2.RELEASE/a6fdd26c9a21958134522a5232e9f23929985f9/spring-test-5.0.2.RELEASE.jar:/Users/mikepolak/.gradle/caches/modules-2/files-2.1/org.springframework/spring-aop/5.0.2.RELEASE/4d49aa2cff33be79da99413e28a905898600ccaa/spring-aop-5.0.2.RELEASE.jar:/Users/mikepolak/.gradle/caches/modules-2/files-2.1/org.springframework/spring-orm/5.0.2.RELEASE/59f207a8426f6090734663afcd6d6003cca57ce8/spring-orm-5.0.2.RELEASE.jar:/Users/mikepolak/.gradle/caches/modules-2/files-2.1/org.springframework/spring-jdbc/5.0.2.RELEASE/5efc255d4073cfa639ecf8e92f162528519f9dd3/spring-jdbc-5.0.2.RELEASE.jar:/Users/mikepolak/.gradle/caches/modules-2/files-2.1/org.springframework/spring-tx/5.0.2.RELEASE/38ef30ad6e34b5004c8955685b6a7ea753717b7d/spring-tx-5.0.2.RELEASE.jar:/Users/mikepolak/.gradle/caches/modules-2/files-2.1/org.springframework/spring-beans/5.0.2.RELEASE/301ee07b390bc8b5691f4206411b49beb06f7ff2/spring-beans-5.0.2.RELEASE.jar:/Users/mikepolak/.gradle/caches/modules-2/files-2.1/org.springframework/spring-expression/5.0.2.RELEASE/246bf50b5b46379041d333b4a46a01a7aea0b788/spring-expression-5.0.2.RELEASE.jar:/Users/mikepolak/.gradle/caches/modules-2/files-2.1/org.springframework/spring-core/5.0.2.RELEASE/45b2958ab3fb022dd29f8b1c553ebf1c75a144aa/spring-core-5.0.2.RELEASE.jar:/Users/mikepolak/.gradle/caches/modules-2/files-2.1/org.xmlunit/xmlunit-core/2.5.1/4ffdb346572a7356f7521cd3119ce5287d2e339d/xmlunit-core-2.5.1.jar:/Users/mikepolak/.gradle/caches/modules-2/files-2.1/javax.annotation/javax.annotation-api/1.3.1/20a2c0583598d68b0835474bbe07792d4f3b219f/javax.annotation-api-1.3.1.jar:/Users/mikepolak/.gradle/caches/modules-2/files-2.1/org.yaml/snakeyaml/1.19/2d998d3d674b172a588e54ab619854d073f555b5/snakeyaml-1.19.jar:/Users/mikepolak/.gradle/caches/modules-2/files-2.1/org.aspectj/aspectjweaver/1.8.13/ad94df2a28d658a40dc27bbaff6a1ce5fbf04e9b/aspectjweaver-1.8.13.jar:/Users/mikepolak/.gradle/caches/modules-2/files-2.1/org.hibernate.common/hibernate-commons-annotations/5.0.1.Final/71e1cff3fcb20d3b3af4f3363c3ddb24d33c6879/hibernate-commons-annotations-5.0.1.Final.jar:/Users/mikepolak/.gradle/caches/modules-2/files-2.1/org.jboss.logging/jboss-logging/3.3.1.Final/c46217ab74b532568c0ed31dc599db3048bd1b67/jboss-logging-3.3.1.Final.jar:/Users/mikepolak/.gradle/caches/modules-2/files-2.1/org.hibernate.javax.persistence/hibernate-jpa-2.1-api/1.0.0.Final/5e731d961297e5a07290bfaf3db1fbc8bbbf405a/hibernate-jpa-2.1-api-1.0.0.Final.jar:/Users/mikepolak/.gradle/caches/modules-2/files-2.1/org.javassist/javassist/3.22.0-CR2/44eaf0990dea92f4bca4b9931b2239c0e8756ee7/javassist-3.22.0-CR2.jar:/Users/mikepolak/.gradle/caches/modules-2/files-2.1/antlr/antlr/2.7.7/83cd2cd674a217ade95a4bb83a8a14f351f48bd0/antlr-2.7.7.jar:/Users/mikepolak/.gradle/caches/modules-2/files-2.1/org.jboss/jandex/2.0.3.Final/bfc4d6257dbff7a33a357f0de116be6ff951d849/jandex-2.0.3.Final.jar:/Users/mikepolak/.gradle/caches/modules-2/files-2.1/dom4j/dom4j/1.6.1/5d3ccc056b6f056dbf0dddfdf43894b9065a8f94/dom4j-1.6.1.jar:/Users/mikepolak/.gradle/caches/modules-2/files-2.1/com.fasterxml.jackson.datatype/jackson-datatype-jdk8/2.9.2/9b0b7c623262e29c73e8f6a78f6150372d2066f8/jackson-datatype-jdk8-2.9.2.jar:/Users/mikepolak/.gradle/caches/modules-2/files-2.1/com.fasterxml.jackson.datatype/jackson-datatype-jsr310/2.9.2/e1653d338703d8233cc1ac18c6722510bdaceb4f/jackson-datatype-jsr310-2.9.2.jar:/Users/mikepolak/.gradle/caches/modules-2/files-2.1/com.fasterxml.jackson.module/jackson-module-parameter-names/2.9.2/be78ca220839b2c53ebd33fd4d580b5a0cacdd5a/jackson-module-parameter-names-2.9.2.jar:/Users/mikepolak/.gradle/caches/modules-2/files-2.1/com.fasterxml.jackson.core/jackson-databind/2.9.2/1d8d8cb7cf26920ba57fb61fa56da88cc123b21f/jackson-databind-2.9.2.jar:/Users/mikepolak/.gradle/caches/modules-2/files-2.1/org.apache.tomcat.embed/tomcat-embed-websocket/8.5.23/52f07abcae10dc7e1764304b0877def175c2c833/tomcat-embed-websocket-8.5.23.jar:/Users/mikepolak/.gradle/caches/modules-2/files-2.1/org.apache.tomcat.embed/tomcat-embed-core/8.5.23/79261793a47f507890ee08f749b9d81774e4f7f0/tomcat-embed-core-8.5.23.jar:/Users/mikepolak/.gradle/caches/modules-2/files-2.1/org.apache.tomcat.embed/tomcat-embed-el/8.5.23/98d979cde444dffa6d434c8377d0123b2dfa614c/tomcat-embed-el-8.5.23.jar:/Users/mikepolak/.gradle/caches/modules-2/files-2.1/javax.validation/validation-api/2.0.0.Final/4a7ff48084bd336c4de1f79f027f6f77badf399e/validation-api-2.0.0.Final.jar:/Users/mikepolak/.gradle/caches/modules-2/files-2.1/javax.activation/activation/1.1/e6cb541461c2834bdea3eb920f1884d1eb508b50/activation-1.1.jar:/Users/mikepolak/.gradle/caches/modules-2/files-2.1/com.fasterxml.jackson.core/jackson-annotations/2.9.0/7c10d545325e3a6e72e06381afe469fd40eb701/jackson-annotations-2.9.0.jar:/Users/mikepolak/.gradle/caches/modules-2/files-2.1/org.latencyutils/LatencyUtils/2.0.3/769c0b82cb2421c8256300e907298a9410a2a3d3/LatencyUtils-2.0.3.jar:/Users/mikepolak/.gradle/caches/modules-2/files-2.1/org.hdrhistogram/HdrHistogram/2.1.10/9e1ac84eed220281841b75e72fb9de5a297fbf04/HdrHistogram-2.1.10.jar:/Users/mikepolak/.gradle/caches/modules-2/files-2.1/net.minidev/json-smart/2.3/7396407491352ce4fa30de92efb158adb76b5b/json-smart-2.3.jar:/Users/mikepolak/.gradle/caches/modules-2/files-2.1/net.bytebuddy/byte-buddy/1.7.9/51218a01a882c04d0aba8c028179cce488bbcb58/byte-buddy-1.7.9.jar:/Users/mikepolak/.gradle/caches/modules-2/files-2.1/net.bytebuddy/byte-buddy-agent/1.7.9/a6c65f9da7f467ee1f02ff2841ffd3155aee2fc9/byte-buddy-agent-1.7.9.jar:/Users/mikepolak/.gradle/caches/modules-2/files-2.1/org.objenesis/objenesis/2.6/639033469776fd37c08358c6b92a4761feb2af4b/objenesis-2.6.jar:/Users/mikepolak/.gradle/caches/modules-2/files-2.1/com.vaadin.external.google/android-json/0.0.20131108.vaadin1/fa26d351fe62a6a17f5cda1287c1c6110dec413f/android-json-0.0.20131108.vaadin1.jar:/Users/mikepolak/.gradle/caches/modules-2/files-2.1/org.springframework/spring-jcl/5.0.2.RELEASE/212a0bdd54e026641cf527aeb8e578f86e402bf1/spring-jcl-5.0.2.RELEASE.jar:/Users/mikepolak/.gradle/caches/modules-2/files-2.1/com.fasterxml.jackson.core/jackson-core/2.9.2/aed20e50152a2f19adc1995c8d8f307c7efa414d/jackson-core-2.9.2.jar:/Users/mikepolak/.gradle/caches/modules-2/files-2.1/org.apache.tomcat/tomcat-annotations-api/8.5.23/aaf17df9fe0240e9e9d5375d24d5f177174b73d9/tomcat-annotations-api-8.5.23.jar:/Users/mikepolak/.gradle/caches/modules-2/files-2.1/net.minidev/accessors-smart/1.2/c592b500269bfde36096641b01238a8350f8aa31/accessors-smart-1.2.jar:/Users/mikepolak/.gradle/caches/modules-2/files-2.1/ch.qos.logback/logback-core/1.2.3/864344400c3d4d92dfeb0a305dc87d953677c03c/logback-core-1.2.3.jar:/Users/mikepolak/.gradle/caches/modules-2/files-2.1/org.apache.logging.log4j/log4j-api/2.10.0/fec5797a55b786184a537abd39c3fa1449d752d6/log4j-api-2.10.0.jar:/Users/mikepolak/.gradle/caches/modules-2/files-2.1/org.ow2.asm/asm/5.0.4/da08b8cce7bbf903602a25a3a163ae252435795/asm-5.0.4.jar, user.name=mikepolak, java.vm.specification.version=1.8, sun.java.command=worker.org.gradle.process.internal.worker.GradleWorkerMain 'Gradle Test Executor 1', java.home=/Library/Java/JavaVirtualMachines/jdk1.8.0_151.jdk/Contents/Home/jre, sun.arch.data.model=64, user.language=pl, java.specification.vendor=Oracle Corporation, awt.toolkit=sun.lwawt.macosx.LWCToolkit, java.vm.info=mixed mode, java.version=1.8.0_151, java.ext.dirs=/Users/mikepolak/Library/Java/Extensions:/Library/Java/JavaVirtualMachines/jdk1.8.0_151.jdk/Contents/Home/jre/lib/ext:/Library/Java/Extensions:/Network/Library/Java/Extensions:/System/Library/Java/Extensions:/usr/lib/java, sun.boot.class.path=/Library/Java/JavaVirtualMachines/jdk1.8.0_151.jdk/Contents/Home/jre/lib/resources.jar:/Library/Java/JavaVirtualMachines/jdk1.8.0_151.jdk/Contents/Home/jre/lib/rt.jar:/Library/Java/JavaVirtualMachines/jdk1.8.0_151.jdk/Contents/Home/jre/lib/sunrsasign.jar:/Library/Java/JavaVirtualMachines/jdk1.8.0_151.jdk/Contents/Home/jre/lib/jsse.jar:/Library/Java/JavaVirtualMachines/jdk1.8.0_151.jdk/Contents/Home/jre/lib/jce.jar:/Library/Java/JavaVirtualMachines/jdk1.8.0_151.jdk/Contents/Home/jre/lib/charsets.jar:/Library/Java/JavaVirtualMachines/jdk1.8.0_151.jdk/Contents/Home/jre/lib/jfr.jar:/Library/Java/JavaVirtualMachines/jdk1.8.0_151.jdk/Contents/Home/jre/classes, java.vendor=Oracle Corporation, org.gradle.test.worker=1, file.separator=/, java.vendor.url.bug=http://bugreport.sun.com/bugreport/, sun.io.unicode.encoding=UnicodeBig, sun.cpu.endian=little, socksNonProxyHosts=tomatoproxy.eu|*.tomatoproxy.eu, ftp.nonProxyHosts=tomatoproxy.eu|*.tomatoproxy.eu, sun.cpu.isalist=}}, SystemEnvironmentPropertySource@1013985737 {name='systemEnvironment', properties={APP_ICON_1488=/Users/mikepolak/Downloads/michal-kalas-project-master/media/gradle.icns, PATH=/usr/local/bin:/usr/bin:/bin:/usr/sbin:/sbin, JAVA_ARCH=x86_64, SHELL=/bin/bash, TERM=xterm-256color, OLDPWD=/Users/mikepolak/Downloads/michal-kalas-project-master, USER=mikepolak, APP_NAME_1488=Gradle, TMPDIR=/var/folders/mh/873zkjwn29g7m55l6m239l580000gn/T/, SSH_AUTH_SOCK=/private/tmp/com.apple.launchd.uniPAyw93U/Listeners, XPC_FLAGS=0x0, __CF_USER_TEXT_ENCODING=0x1F5:0x1D:0x2A, Apple_PubSub_Socket_Render=/private/tmp/com.apple.launchd.2o7YtiTAyI/Render, JAVA_MAIN_CLASS_1499=worker.org.gradle.process.internal.worker.GradleWorkerMain, com.apple.java.jvmTask=CommandLine, JAVA_MAIN_CLASS_1488=org.gradle.wrapper.GradleWrapperMain, LOGNAME=mikepolak, LC_CTYPE=pl_PL.UTF-8, PWD=/Users/mikepolak/Downloads/michal-kalas-project-master, XPC_SERVICE_NAME=0, SHLVL=1, HOME=/Users/mikepolak}}]
22:49:34.714 [Test worker] DEBUG org.springframework.core.io.support.PathMatchingResourcePatternResolver - Resolved classpath location [com/crud/tasks/controller/] to resources [URL [file:/Users/mikepolak/Downloads/michal-kalas-project-master/build/classes/java/test/com/crud/tasks/controller/], URL [file:/Users/mikepolak/Downloads/michal-kalas-project-master/build/classes/java/main/com/crud/tasks/controller/]]
22:49:34.714 [Test worker] DEBUG org.springframework.core.io.support.PathMatchingResourcePatternResolver - Looking for matching resources in directory tree [/Users/mikepolak/Downloads/michal-kalas-project-master/build/classes/java/test/com/crud/tasks/controller]
22:49:34.714 [Test worker] DEBUG org.springframework.core.io.support.PathMatchingResourcePatternResolver - Searching directory [/Users/mikepolak/Downloads/michal-kalas-project-master/build/classes/java/test/com/crud/tasks/controller] for files matching pattern [/Users/mikepolak/Downloads/michal-kalas-project-master/build/classes/java/test/com/crud/tasks/controller/*.class]
22:49:34.720 [Test worker] DEBUG org.springframework.core.io.support.PathMatchingResourcePatternResolver - Looking for matching resources in directory tree [/Users/mikepolak/Downloads/michal-kalas-project-master/build/classes/java/main/com/crud/tasks/controller]
22:49:34.721 [Test worker] DEBUG org.springframework.core.io.support.PathMatchingResourcePatternResolver - Searching directory [/Users/mikepolak/Downloads/michal-kalas-project-master/build/classes/java/main/com/crud/tasks/controller] for files matching pattern [/Users/mikepolak/Downloads/michal-kalas-project-master/build/classes/java/main/com/crud/tasks/controller/*.class]
22:49:34.721 [Test worker] DEBUG org.springframework.core.io.support.PathMatchingResourcePatternResolver - Resolved location pattern [classpath*:com/crud/tasks/controller/*.class] to resources [file [/Users/mikepolak/Downloads/michal-kalas-project-master/build/classes/java/test/com/crud/tasks/controller/TaskControllerTestSuite.class], file [/Users/mikepolak/Downloads/michal-kalas-project-master/build/classes/java/test/com/crud/tasks/controller/TrelloControllerTest.class], file [/Users/mikepolak/Downloads/michal-kalas-project-master/build/classes/java/main/com/crud/tasks/controller/TaskController.class], file [/Users/mikepolak/Downloads/michal-kalas-project-master/build/classes/java/main/com/crud/tasks/controller/TaskNotFoundException.class], file [/Users/mikepolak/Downloads/michal-kalas-project-master/build/classes/java/main/com/crud/tasks/controller/TrelloController.class]]
22:49:34.827 [Test worker] DEBUG org.springframework.core.io.support.PathMatchingResourcePatternResolver - Resolved classpath location [com/crud/tasks/] to resources [URL [file:/Users/mikepolak/Downloads/michal-kalas-project-master/build/classes/java/test/com/crud/tasks/], URL [file:/Users/mikepolak/Downloads/michal-kalas-project-master/build/classes/java/main/com/crud/tasks/]]
22:49:34.827 [Test worker] DEBUG org.springframework.core.io.support.PathMatchingResourcePatternResolver - Looking for matching resources in directory tree [/Users/mikepolak/Downloads/michal-kalas-project-master/build/classes/java/test/com/crud/tasks]
22:49:34.828 [Test worker] DEBUG org.springframework.core.io.support.PathMatchingResourcePatternResolver - Searching directory [/Users/mikepolak/Downloads/michal-kalas-project-master/build/classes/java/test/com/crud/tasks] for files matching pattern [/Users/mikepolak/Downloads/michal-kalas-project-master/build/classes/java/test/com/crud/tasks/*.class]
22:49:34.829 [Test worker] DEBUG org.springframework.core.io.support.PathMatchingResourcePatternResolver - Looking for matching resources in directory tree [/Users/mikepolak/Downloads/michal-kalas-project-master/build/classes/java/main/com/crud/tasks]
22:49:34.829 [Test worker] DEBUG org.springframework.core.io.support.PathMatchingResourcePatternResolver - Searching directory [/Users/mikepolak/Downloads/michal-kalas-project-master/build/classes/java/main/com/crud/tasks] for files matching pattern [/Users/mikepolak/Downloads/michal-kalas-project-master/build/classes/java/main/com/crud/tasks/*.class]
22:49:34.831 [Test worker] DEBUG org.springframework.core.io.support.PathMatchingResourcePatternResolver - Resolved location pattern [classpath*:com/crud/tasks/*.class] to resources [file [/Users/mikepolak/Downloads/michal-kalas-project-master/build/classes/java/main/com/crud/tasks/TasksApplication.class]]
22:49:34.852 [Test worker] DEBUG org.springframework.context.annotation.ClassPathScanningCandidateComponentProvider - Identified candidate component class: file [/Users/mikepolak/Downloads/michal-kalas-project-master/build/classes/java/main/com/crud/tasks/TasksApplication.class]
22:49:34.854 [Test worker] INFO org.springframework.boot.test.context.SpringBootTestContextBootstrapper - Found @SpringBootConfiguration com.crud.tasks.TasksApplication for test class com.crud.tasks.controller.TrelloControllerTest
22:49:34.857 [Test worker] DEBUG org.springframework.boot.test.autoconfigure.web.servlet.WebMvcTestContextBootstrapper - @TestExecutionListeners is not present for class [com.crud.tasks.controller.TrelloControllerTest]: using defaults.
22:49:34.858 [Test worker] INFO org.springframework.boot.test.autoconfigure.web.servlet.WebMvcTestContextBootstrapper - Loaded default TestExecutionListener class names from location [META-INF/spring.factories]: [org.springframework.boot.test.autoconfigure.restdocs.RestDocsTestExecutionListener, org.springframework.boot.test.autoconfigure.web.client.MockRestServiceServerResetTestExecutionListener, org.springframework.boot.test.autoconfigure.web.servlet.MockMvcPrintOnlyOnFailureTestExecutionListener, org.springframework.boot.test.autoconfigure.web.servlet.WebDriverTestExecutionListener, org.springframework.boot.test.mock.mockito.MockitoTestExecutionListener, org.springframework.boot.test.mock.mockito.ResetMocksTestExecutionListener, org.springframework.test.context.web.ServletTestExecutionListener, org.springframework.test.context.support.DirtiesContextBeforeModesTestExecutionListener, org.springframework.test.context.support.DependencyInjectionTestExecutionListener, org.springframework.test.context.support.DirtiesContextTestExecutionListener, org.springframework.test.context.transaction.TransactionalTestExecutionListener, org.springframework.test.context.jdbc.SqlScriptsTestExecutionListener]
22:49:34.906 [Test worker] INFO org.springframework.boot.test.autoconfigure.web.servlet.WebMvcTestContextBootstrapper - Using TestExecutionListeners: [org.springframework.test.context.web.ServletTestExecutionListener@123f39a4, org.springframework.test.context.support.DirtiesContextBeforeModesTestExecutionListener@9b63416, org.springframework.boot.test.autoconfigure.SpringBootDependencyInjectionTestExecutionListener@37cb04dc, org.springframework.test.context.support.DirtiesContextTestExecutionListener@4c6efd3e, org.springframework.test.context.transaction.TransactionalTestExecutionListener@27f70f0e, org.springframework.test.context.jdbc.SqlScriptsTestExecutionListener@1fd98962, org.springframework.boot.test.autoconfigure.web.servlet.MockMvcPrintOnlyOnFailureTestExecutionListener@70db93a1, org.springframework.boot.test.mock.mockito.ResetMocksTestExecutionListener@4be71789, org.springframework.boot.test.autoconfigure.restdocs.RestDocsTestExecutionListener@5477fe84, org.springframework.boot.test.autoconfigure.web.servlet.WebDriverTestExecutionListener@7b6eff1, org.springframework.boot.test.mock.mockito.MockitoTestExecutionListener@2b5c223d, org.springframework.boot.test.autoconfigure.web.client.MockRestServiceServerResetTestExecutionListener@58f42380]
22:49:34.914 [Test worker] DEBUG org.springframework.test.annotation.ProfileValueUtils - Retrieved @ProfileValueSourceConfiguration [null] for test class [com.crud.tasks.controller.TrelloControllerTest]
22:49:34.915 [Test worker] DEBUG org.springframework.test.annotation.ProfileValueUtils - Retrieved ProfileValueSource type [class org.springframework.test.annotation.SystemProfileValueSource] for class [com.crud.tasks.controller.TrelloControllerTest]
22:49:34.915 [Test worker] DEBUG org.springframework.test.annotation.ProfileValueUtils - Retrieved @ProfileValueSourceConfiguration [null] for test class [com.crud.tasks.controller.TrelloControllerTest]
22:49:34.915 [Test worker] DEBUG org.springframework.test.annotation.ProfileValueUtils - Retrieved ProfileValueSource type [class org.springframework.test.annotation.SystemProfileValueSource] for class [com.crud.tasks.controller.TrelloControllerTest]
22:49:34.925 [Test worker] DEBUG org.springframework.test.context.support.AbstractDirtiesContextTestExecutionListener - Before test class: context [DefaultTestContext@b6e79c6 testClass = TrelloControllerTest, testInstance = [null], testMethod = [null], testException = [null], mergedContextConfiguration = [WebMergedContextConfiguration@7badb301 testClass = TrelloControllerTest, locations = '{}', classes = '{class com.crud.tasks.TasksApplication}', contextInitializerClasses = '[]', activeProfiles = '{}', propertySourceLocations = '{}', propertySourceProperties = '{org.springframework.boot.test.autoconfigure.web.servlet.WebMvcTestContextBootstrapper=true}', contextCustomizers = set[org.springframework.boot.test.autoconfigure.OverrideAutoConfigurationContextCustomizerFactory$DisableAutoConfigurationContextCustomizer@64dc5273, org.springframework.boot.test.autoconfigure.filter.TypeExcludeFiltersContextCustomizer@f6cb2c93, org.springframework.boot.test.autoconfigure.properties.PropertyMappingContextCustomizer@b56302bd, org.springframework.boot.test.autoconfigure.web.servlet.WebDriverContextCustomizerFactory$Customizer@85b889a, [ImportsContextCustomizer@18a305ec key = [org.springframework.boot.autoconfigure.cache.CacheAutoConfiguration, org.springframework.boot.autoconfigure.context.MessageSourceAutoConfiguration, org.springframework.boot.autoconfigure.freemarker.FreeMarkerAutoConfiguration, org.springframework.boot.autoconfigure.groovy.template.GroovyTemplateAutoConfiguration, org.springframework.boot.autoconfigure.gson.GsonAutoConfiguration, org.springframework.boot.autoconfigure.hateoas.HypermediaAutoConfiguration, org.springframework.boot.autoconfigure.http.HttpMessageConvertersAutoConfiguration, org.springframework.boot.autoconfigure.jackson.JacksonAutoConfiguration, org.springframework.boot.autoconfigure.jsonb.JsonbAutoConfiguration, org.springframework.boot.autoconfigure.mustache.MustacheAutoConfiguration, org.springframework.boot.autoconfigure.thymeleaf.ThymeleafAutoConfiguration, org.springframework.boot.autoconfigure.validation.ValidationAutoConfiguration, org.springframework.boot.autoconfigure.web.servlet.error.ErrorMvcAutoConfiguration, org.springframework.boot.autoconfigure.web.servlet.WebMvcAutoConfiguration, org.springframework.boot.test.autoconfigure.web.servlet.MockMvcAutoConfiguration, org.springframework.boot.test.autoconfigure.web.servlet.MockMvcSecurityAutoConfiguration, org.springframework.boot.test.autoconfigure.web.servlet.MockMvcWebClientAutoConfiguration, org.springframework.boot.test.autoconfigure.web.servlet.MockMvcWebDriverAutoConfiguration]], org.springframework.boot.test.context.filter.ExcludeFilterContextCustomizer@354dbb6f, org.springframework.boot.test.json.DuplicateJsonObjectContextCustomizerFactory$DuplicateJsonObjectContextCustomizer@48625b24, org.springframework.boot.test.mock.mockito.MockitoContextCustomizer@f74297a5], resourceBasePath = '', contextLoader = 'org.springframework.boot.test.context.SpringBootContextLoader', parent = [null]], attributes = map[[empty]]], class annotated with @DirtiesContext [false] with mode [null].
22:49:34.926 [Test worker] DEBUG org.springframework.test.annotation.ProfileValueUtils - Retrieved @ProfileValueSourceConfiguration [null] for test class [com.crud.tasks.controller.TrelloControllerTest]
22:49:34.926 [Test worker] DEBUG org.springframework.test.annotation.ProfileValueUtils - Retrieved ProfileValueSource type [class org.springframework.test.annotation.SystemProfileValueSource] for class [com.crud.tasks.controller.TrelloControllerTest]
22:49:34.930 [Test worker] DEBUG org.springframework.test.context.support.DependencyInjectionTestExecutionListener - Performing dependency injection for test context [[DefaultTestContext@b6e79c6 testClass = TrelloControllerTest, testInstance = com.crud.tasks.controller.TrelloControllerTest@5c86ee93, testMethod = [null], testException = [null], mergedContextConfiguration = [WebMergedContextConfiguration@7badb301 testClass = TrelloControllerTest, locations = '{}', classes = '{class com.crud.tasks.TasksApplication}', contextInitializerClasses = '[]', activeProfiles = '{}', propertySourceLocations = '{}', propertySourceProperties = '{org.springframework.boot.test.autoconfigure.web.servlet.WebMvcTestContextBootstrapper=true}', contextCustomizers = set[org.springframework.boot.test.autoconfigure.OverrideAutoConfigurationContextCustomizerFactory$DisableAutoConfigurationContextCustomizer@64dc5273, org.springframework.boot.test.autoconfigure.filter.TypeExcludeFiltersContextCustomizer@f6cb2c93, org.springframework.boot.test.autoconfigure.properties.PropertyMappingContextCustomizer@b56302bd, org.springframework.boot.test.autoconfigure.web.servlet.WebDriverContextCustomizerFactory$Customizer@85b889a, [ImportsContextCustomizer@18a305ec key = [org.springframework.boot.autoconfigure.cache.CacheAutoConfiguration, org.springframework.boot.autoconfigure.context.MessageSourceAutoConfiguration, org.springframework.boot.autoconfigure.freemarker.FreeMarkerAutoConfiguration, org.springframework.boot.autoconfigure.groovy.template.GroovyTemplateAutoConfiguration, org.springframework.boot.autoconfigure.gson.GsonAutoConfiguration, org.springframework.boot.autoconfigure.hateoas.HypermediaAutoConfiguration, org.springframework.boot.autoconfigure.http.HttpMessageConvertersAutoConfiguration, org.springframework.boot.autoconfigure.jackson.JacksonAutoConfiguration, org.springframework.boot.autoconfigure.jsonb.JsonbAutoConfiguration, org.springframework.boot.autoconfigure.mustache.MustacheAutoConfiguration, org.springframework.boot.autoconfigure.thymeleaf.ThymeleafAutoConfiguration, org.springframework.boot.autoconfigure.validation.ValidationAutoConfiguration, org.springframework.boot.autoconfigure.web.servlet.error.ErrorMvcAutoConfiguration, org.springframework.boot.autoconfigure.web.servlet.WebMvcAutoConfiguration, org.springframework.boot.test.autoconfigure.web.servlet.MockMvcAutoConfiguration, org.springframework.boot.test.autoconfigure.web.servlet.MockMvcSecurityAutoConfiguration, org.springframework.boot.test.autoconfigure.web.servlet.MockMvcWebClientAutoConfiguration, org.springframework.boot.test.autoconfigure.web.servlet.MockMvcWebDriverAutoConfiguration]], org.springframework.boot.test.context.filter.ExcludeFilterContextCustomizer@354dbb6f, org.springframework.boot.test.json.DuplicateJsonObjectContextCustomizerFactory$DuplicateJsonObjectContextCustomizer@48625b24, org.springframework.boot.test.mock.mockito.MockitoContextCustomizer@f74297a5], resourceBasePath = '', contextLoader = 'org.springframework.boot.test.context.SpringBootContextLoader', parent = [null]], attributes = map[[empty]]]].
22:49:34.960 [Test worker] DEBUG org.springframework.core.env.StandardEnvironment - Adding PropertySource 'systemProperties' with lowest search precedence
22:49:34.960 [Test worker] DEBUG org.springframework.core.env.StandardEnvironment - Adding PropertySource 'systemEnvironment' with lowest search precedence
22:49:34.962 [Test worker] DEBUG org.springframework.core.env.StandardEnvironment - Initialized StandardEnvironment with PropertySources [MapPropertySource@108481584 {name='systemProperties', properties={java.runtime.name=Java(TM) SE Runtime Environment, sun.boot.library.path=/Library/Java/JavaVirtualMachines/jdk1.8.0_151.jdk/Contents/Home/jre/lib, java.vm.version=25.151-b12, gopherProxySet=false, java.vm.vendor=Oracle Corporation, java.vendor.url=http://java.oracle.com/, path.separator=:, java.vm.name=Java HotSpot(TM) 64-Bit Server VM, file.encoding.pkg=sun.io, sun.java.launcher=SUN_STANDARD, user.country=PL, sun.os.patch.level=unknown, java.vm.specification.name=Java Virtual Machine Specification, user.dir=/Users/mikepolak/Downloads/michal-kalas-project-master, java.runtime.version=1.8.0_151-b12, java.awt.graphicsenv=sun.awt.CGraphicsEnvironment, java.endorsed.dirs=/Library/Java/JavaVirtualMachines/jdk1.8.0_151.jdk/Contents/Home/jre/lib/endorsed, os.arch=x86_64, java.io.tmpdir=/var/folders/mh/873zkjwn29g7m55l6m239l580000gn/T/, line.separator=
, java.vm.specification.vendor=Oracle Corporation, user.variant=, os.name=Mac OS X, sun.jnu.encoding=UTF-8, java.library.path=/Users/mikepolak/Library/Java/Extensions:/Library/Java/Extensions:/Network/Library/Java/Extensions:/System/Library/Java/Extensions:/usr/lib/java:., java.specification.name=Java Platform API Specification, java.class.version=52.0, org.gradle.native=false, sun.management.compiler=HotSpot 64-Bit Tiered Compilers, os.version=10.13.3, http.nonProxyHosts=tomatoproxy.eu|*.tomatoproxy.eu, user.home=/Users/mikepolak, user.timezone=Europe/Warsaw, java.awt.printerjob=sun.lwawt.macosx.CPrinterJob, file.encoding=UTF-8, java.specification.version=1.8, java.class.path=/Users/mikepolak/Downloads/michal-kalas-project-master/build/classes/java/test:/Users/mikepolak/Downloads/michal-kalas-project-master/build/resources/test:/Users/mikepolak/Downloads/michal-kalas-project-master/build/classes/java/main:/Users/mikepolak/Downloads/michal-kalas-project-master/build/resources/main:/Users/mikepolak/.gradle/caches/modules-2/files-2.1/org.springframework.boot/spring-boot-starter-data-jpa/2.0.0.M7/2b296829ab8517ff3754bdab10d85536767038c2/spring-boot-starter-data-jpa-2.0.0.M7.jar:/Users/mikepolak/.gradle/caches/modules-2/files-2.1/mysql/mysql-connector-java/5.1.44/61b6b998192c85bb581c6be90e03dcd4b9079db4/mysql-connector-java-5.1.44.jar:/Users/mikepolak/.gradle/caches/modules-2/files-2.1/org.springframework.boot/spring-boot-starter-web/2.0.0.M7/eb364c43417c6de883c38ffc9d79b91a63c9c3bd/spring-boot-starter-web-2.0.0.M7.jar:/Users/mikepolak/.gradle/caches/modules-2/files-2.1/org.projectlombok/lombok/1.16.18/557d13dcb647038dc687390711ccb5c9b3ffbd60/lombok-1.16.18.jar:/Users/mikepolak/.gradle/caches/modules-2/files-2.1/org.springframework.boot/spring-boot-starter-mail/1.5.7.RELEASE/469b7af6bb6058d63d059b9549b5dff1e91a6b0/spring-boot-starter-mail-1.5.7.RELEASE.jar:/Users/mikepolak/.gradle/caches/modules-2/files-2.1/io.springfox/springfox-swagger2/2.7.0/dd28b7ce26af1209d6ef19f5f24a8c23b41ca6fc/springfox-swagger2-2.7.0.jar:/Users/mikepolak/.gradle/caches/modules-2/files-2.1/io.springfox/springfox-swagger-ui/2.7.0/92608eb6c2056810b4e3189196b4e8cce645d6de/springfox-swagger-ui-2.7.0.jar:/Users/mikepolak/.gradle/caches/modules-2/files-2.1/com.google.code.gson/gson/2.8.2/3edcfe49d2c6053a70a2a47e4e1c2f94998a49cf/gson-2.8.2.jar:/Users/mikepolak/.gradle/caches/modules-2/files-2.1/org.springframework.boot/spring-boot-starter-actuator/2.0.0.M7/466bee1721e6d7c3db57ae91d0e9802d980384ec/spring-boot-starter-actuator-2.0.0.M7.jar:/Users/mikepolak/.gradle/caches/modules-2/files-2.1/org.springframework.boot/spring-boot-starter-test/2.0.0.M7/8cf69bda8093fc1fb7436a82fac3adde4fd5e97b/spring-boot-starter-test-2.0.0.M7.jar:/Users/mikepolak/.gradle/caches/modules-2/files-2.1/org.springframework.boot/spring-boot-starter-aop/2.0.0.M7/6a979041d2c43d4f5ba8025ba6fafb0df4698679/spring-boot-starter-aop-2.0.0.M7.jar:/Users/mikepolak/.gradle/caches/modules-2/files-2.1/org.springframework.boot/spring-boot-starter-jdbc/2.0.0.M7/cd0eb5ba738573c70b24f5aab663c9e8270d4d93/spring-boot-starter-jdbc-2.0.0.M7.jar:/Users/mikepolak/.gradle/caches/modules-2/files-2.1/org.springframework.boot/spring-boot-starter-json/2.0.0.M7/7f352d7960cbe1a341e0721625dddb1bca6c5313/spring-boot-starter-json-2.0.0.M7.jar:/Users/mikepolak/.gradle/caches/modules-2/files-2.1/org.springframework.boot/spring-boot-starter/2.0.0.M7/b9affaea8ab21294386d5c2682b66f143852878d/spring-boot-starter-2.0.0.M7.jar:/Users/mikepolak/.gradle/caches/modules-2/files-2.1/org.hibernate/hibernate-core/5.2.12.Final/ea479b6692e22c9b642dd4142db670e92d106544/hibernate-core-5.2.12.Final.jar:/Users/mikepolak/.gradle/caches/modules-2/files-2.1/javax.transaction/javax.transaction-api/1.2/d81aff979d603edd90dcd8db2abc1f4ce6479e3e/javax.transaction-api-1.2.jar:/Users/mikepolak/.gradle/caches/modules-2/files-2.1/org.springframework.data/spring-data-jpa/2.0.2.RELEASE/87ab35c6913a55acade27592161d3b7a543c68a9/spring-data-jpa-2.0.2.RELEASE.jar:/Users/mikepolak/.gradle/caches/modules-2/files-2.1/org.springframework/spring-aspects/5.0.2.RELEASE/b26a3ab00f741144c4e2dab39c0ab0ea7a411ef/spring-aspects-5.0.2.RELEASE.jar:/Users/mikepolak/.gradle/caches/modules-2/files-2.1/org.springframework.boot/spring-boot-starter-tomcat/2.0.0.M7/709f5f42c3cfdc6d5a5d6921b7bcb7714f8d638c/spring-boot-starter-tomcat-2.0.0.M7.jar:/Users/mikepolak/.gradle/caches/modules-2/files-2.1/org.hibernate.validator/hibernate-validator/6.0.5.Final/c0a53a8178a0487c5f2fe84434b9965a3cd44f22/hibernate-validator-6.0.5.Final.jar:/Users/mikepolak/.gradle/caches/modules-2/files-2.1/org.springframework/spring-webmvc/5.0.2.RELEASE/8dbe4a28cae3ffa222aeff6776a3928a88d66e6f/spring-webmvc-5.0.2.RELEASE.jar:/Users/mikepolak/.gradle/caches/modules-2/files-2.1/org.springframework/spring-web/5.0.2.RELEASE/eea8edef792fb93c1c55cc61078ce14ffb3542df/spring-web-5.0.2.RELEASE.jar:/Users/mikepolak/.gradle/caches/modules-2/files-2.1/org.springframework/spring-context-support/5.0.2.RELEASE/f3dcba6050b1635aacc606243decc99515d1430/spring-context-support-5.0.2.RELEASE.jar:/Users/mikepolak/.gradle/caches/modules-2/files-2.1/io.springfox/springfox-swagger-common/2.7.0/5a632aecc733753887f90592382fa271e546062a/springfox-swagger-common-2.7.0.jar:/Users/mikepolak/.gradle/caches/modules-2/files-2.1/io.springfox/springfox-spring-web/2.7.0/a54be5572b6b5210f6892e13d6b136dde5e96bf6/springfox-spring-web-2.7.0.jar:/Users/mikepolak/.gradle/caches/modules-2/files-2.1/io.springfox/springfox-schema/2.7.0/aab297a6781e829b9d6bac514a4dc860966c3c8d/springfox-schema-2.7.0.jar:/Users/mikepolak/.gradle/caches/modules-2/files-2.1/io.springfox/springfox-spi/2.7.0/dab14edcb863dd506278dc950908b4f684e93b7/springfox-spi-2.7.0.jar:/Users/mikepolak/.gradle/caches/modules-2/files-2.1/io.springfox/springfox-core/2.7.0/f3e6d1cf5170b4b56ee0a00c1b3b05221f2ecb96/springfox-core-2.7.0.jar:/Users/mikepolak/.gradle/caches/modules-2/files-2.1/org.springframework.plugin/spring-plugin-metadata/1.2.0.RELEASE/97223fc496b6cab31602eedbd4202aa4fff0d44f/spring-plugin-metadata-1.2.0.RELEASE.jar:/Users/mikepolak/.gradle/caches/modules-2/files-2.1/org.springframework.plugin/spring-plugin-core/1.2.0.RELEASE/f380e7760032e7d929184f8ad8a33716b75c0657/spring-plugin-core-1.2.0.RELEASE.jar:/Users/mikepolak/.gradle/caches/modules-2/files-2.1/org.springframework.boot/spring-boot-actuator-autoconfigure/2.0.0.M7/1f9d133079b50d17ccf2356ef0f196898b2ebc2c/spring-boot-actuator-autoconfigure-2.0.0.M7.jar:/Users/mikepolak/.gradle/caches/modules-2/files-2.1/org.springframework.boot/spring-boot-test-autoconfigure/2.0.0.M7/e394cadb478d2010bc16e3bb9bb4aae3393c5241/spring-boot-test-autoconfigure-2.0.0.M7.jar:/Users/mikepolak/.gradle/caches/modules-2/files-2.1/org.springframework.boot/spring-boot-test/2.0.0.M7/6a9052117e71cce41eb0bddb68b97ffeaf0b32c4/spring-boot-test-2.0.0.M7.jar:/Users/mikepolak/.gradle/caches/modules-2/files-2.1/org.springframework.boot/spring-boot-autoconfigure/2.0.0.M7/db2360882ec36c119c4378d01b0325a833b07271/spring-boot-autoconfigure-2.0.0.M7.jar:/Users/mikepolak/.gradle/caches/modules-2/files-2.1/org.springframework.boot/spring-boot-actuator/2.0.0.M7/aaa3f25e522ebfb16a65b0524afa2a09b863cb40/spring-boot-actuator-2.0.0.M7.jar:/Users/mikepolak/.gradle/caches/modules-2/files-2.1/org.springframework.boot/spring-boot/2.0.0.M7/b1e1ad98517ae8988dd578b3ae2e2705c8f5634/spring-boot-2.0.0.M7.jar:/Users/mikepolak/.gradle/caches/modules-2/files-2.1/org.springframework/spring-context/5.0.2.RELEASE/743a5f6d94a8af5759e6e70c360a7b4a47a704c/spring-context-5.0.2.RELEASE.jar:/Users/mikepolak/.gradle/caches/modules-2/files-2.1/com.sun.mail/javax.mail/1.6.0/a055c648842c4954c1f7db7254f45d9ad565e278/javax.mail-1.6.0.jar:/Users/mikepolak/.gradle/caches/modules-2/files-2.1/io.swagger/swagger-models/1.5.13/571a0046f35f9dac569a1870465248595e33ccdb/swagger-models-1.5.13.jar:/Users/mikepolak/.gradle/caches/modules-2/files-2.1/io.swagger/swagger-annotations/1.5.13/72433c890a61a876d22063e269be421c810a1a8d/swagger-annotations-1.5.13.jar:/Users/mikepolak/.gradle/caches/modules-2/files-2.1/org.reflections/reflections/0.9.11/4c686033d918ec1727e329b7222fcb020152e32b/reflections-0.9.11.jar:/Users/mikepolak/.gradle/caches/modules-2/files-2.1/com.google.guava/guava/20.0/89507701249388e1ed5ddcf8c41f4ce1be7831ef/guava-20.0.jar:/Users/mikepolak/.gradle/caches/modules-2/files-2.1/com.fasterxml/classmate/1.3.4/3d5f48f10bbe4eb7bd862f10c0583be2e0053c6/classmate-1.3.4.jar:/Users/mikepolak/.gradle/caches/modules-2/files-2.1/com.jayway.jsonpath/json-path/2.4.0/765a4401ceb2dc8d40553c2075eb80a8fa35c2ae/json-path-2.4.0.jar:/Users/mikepolak/.gradle/caches/modules-2/files-2.1/com.zaxxer/HikariCP/2.7.4/c101cbc2d07c0adffa0857e742229ef785892699/HikariCP-2.7.4.jar:/Users/mikepolak/.gradle/caches/modules-2/files-2.1/org.springframework.data/spring-data-commons/2.0.2.RELEASE/1befa3239976b856202b1735531910a0c2f4e17f/spring-data-commons-2.0.2.RELEASE.jar:/Users/mikepolak/.gradle/caches/modules-2/files-2.1/org.springframework.boot/spring-boot-starter-logging/2.0.0.M7/328a8032b5ed852958d410dec02638c0a93b3cb1/spring-boot-starter-logging-2.0.0.M7.jar:/Users/mikepolak/.gradle/caches/modules-2/files-2.1/ch.qos.logback/logback-classic/1.2.3/7c4f3c474fb2c041d8028740440937705ebb473a/logback-classic-1.2.3.jar:/Users/mikepolak/.gradle/caches/modules-2/files-2.1/org.apache.logging.log4j/log4j-to-slf4j/2.10.0/f7e631ccf49cfc0aefa4a2a728da7d374c05bd3c/log4j-to-slf4j-2.10.0.jar:/Users/mikepolak/.gradle/caches/modules-2/files-2.1/org.slf4j/jul-to-slf4j/1.7.25/af5364cd6679bfffb114f0dec8a157aaa283b76/jul-to-slf4j-1.7.25.jar:/Users/mikepolak/.gradle/caches/modules-2/files-2.1/org.slf4j/slf4j-api/1.7.25/da76ca59f6a57ee3102f8f9bd9cee742973efa8a/slf4j-api-1.7.25.jar:/Users/mikepolak/.gradle/caches/modules-2/files-2.1/org.mapstruct/mapstruct/1.1.0.Final/65b81fa5234e1fd8461b77bbccee7b9ebc0bbbb2/mapstruct-1.1.0.Final.jar:/Users/mikepolak/.gradle/caches/modules-2/files-2.1/io.micrometer/micrometer-core/1.0.0-rc.5/d6337ff8c75026c6ad582f96244d973287a046b/micrometer-core-1.0.0-rc.5.jar:/Users/mikepolak/.gradle/caches/modules-2/files-2.1/junit/junit/4.12/2973d150c0dc1fefe998f834810d68f278ea58ec/junit-4.12.jar:/Users/mikepolak/.gradle/caches/modules-2/files-2.1/org.assertj/assertj-core/3.8.0/b209d90ff2e279bee3e02547ee7b11349c52d0e3/assertj-core-3.8.0.jar:/Users/mikepolak/.gradle/caches/modules-2/files-2.1/org.mockito/mockito-core/2.12.0/a42fb82aa1eccb27c3f0371c8bc7385ae1c6598d/mockito-core-2.12.0.jar:/Users/mikepolak/.gradle/caches/modules-2/files-2.1/org.hamcrest/hamcrest-library/1.3/4785a3c21320980282f9f33d0d1264a69040538f/hamcrest-library-1.3.jar:/Users/mikepolak/.gradle/caches/modules-2/files-2.1/org.hamcrest/hamcrest-core/1.3/42a25dc3219429f0e5d060061f71acb49bf010a0/hamcrest-core-1.3.jar:/Users/mikepolak/.gradle/caches/modules-2/files-2.1/org.skyscreamer/jsonassert/1.5.0/6c9d5fe2f59da598d9aefc1cfc6528ff3cf32df3/jsonassert-1.5.0.jar:/Users/mikepolak/.gradle/caches/modules-2/files-2.1/org.springframework/spring-test/5.0.2.RELEASE/a6fdd26c9a21958134522a5232e9f23929985f9/spring-test-5.0.2.RELEASE.jar:/Users/mikepolak/.gradle/caches/modules-2/files-2.1/org.springframework/spring-aop/5.0.2.RELEASE/4d49aa2cff33be79da99413e28a905898600ccaa/spring-aop-5.0.2.RELEASE.jar:/Users/mikepolak/.gradle/caches/modules-2/files-2.1/org.springframework/spring-orm/5.0.2.RELEASE/59f207a8426f6090734663afcd6d6003cca57ce8/spring-orm-5.0.2.RELEASE.jar:/Users/mikepolak/.gradle/caches/modules-2/files-2.1/org.springframework/spring-jdbc/5.0.2.RELEASE/5efc255d4073cfa639ecf8e92f162528519f9dd3/spring-jdbc-5.0.2.RELEASE.jar:/Users/mikepolak/.gradle/caches/modules-2/files-2.1/org.springframework/spring-tx/5.0.2.RELEASE/38ef30ad6e34b5004c8955685b6a7ea753717b7d/spring-tx-5.0.2.RELEASE.jar:/Users/mikepolak/.gradle/caches/modules-2/files-2.1/org.springframework/spring-beans/5.0.2.RELEASE/301ee07b390bc8b5691f4206411b49beb06f7ff2/spring-beans-5.0.2.RELEASE.jar:/Users/mikepolak/.gradle/caches/modules-2/files-2.1/org.springframework/spring-expression/5.0.2.RELEASE/246bf50b5b46379041d333b4a46a01a7aea0b788/spring-expression-5.0.2.RELEASE.jar:/Users/mikepolak/.gradle/caches/modules-2/files-2.1/org.springframework/spring-core/5.0.2.RELEASE/45b2958ab3fb022dd29f8b1c553ebf1c75a144aa/spring-core-5.0.2.RELEASE.jar:/Users/mikepolak/.gradle/caches/modules-2/files-2.1/org.xmlunit/xmlunit-core/2.5.1/4ffdb346572a7356f7521cd3119ce5287d2e339d/xmlunit-core-2.5.1.jar:/Users/mikepolak/.gradle/caches/modules-2/files-2.1/javax.annotation/javax.annotation-api/1.3.1/20a2c0583598d68b0835474bbe07792d4f3b219f/javax.annotation-api-1.3.1.jar:/Users/mikepolak/.gradle/caches/modules-2/files-2.1/org.yaml/snakeyaml/1.19/2d998d3d674b172a588e54ab619854d073f555b5/snakeyaml-1.19.jar:/Users/mikepolak/.gradle/caches/modules-2/files-2.1/org.aspectj/aspectjweaver/1.8.13/ad94df2a28d658a40dc27bbaff6a1ce5fbf04e9b/aspectjweaver-1.8.13.jar:/Users/mikepolak/.gradle/caches/modules-2/files-2.1/org.hibernate.common/hibernate-commons-annotations/5.0.1.Final/71e1cff3fcb20d3b3af4f3363c3ddb24d33c6879/hibernate-commons-annotations-5.0.1.Final.jar:/Users/mikepolak/.gradle/caches/modules-2/files-2.1/org.jboss.logging/jboss-logging/3.3.1.Final/c46217ab74b532568c0ed31dc599db3048bd1b67/jboss-logging-3.3.1.Final.jar:/Users/mikepolak/.gradle/caches/modules-2/files-2.1/org.hibernate.javax.persistence/hibernate-jpa-2.1-api/1.0.0.Final/5e731d961297e5a07290bfaf3db1fbc8bbbf405a/hibernate-jpa-2.1-api-1.0.0.Final.jar:/Users/mikepolak/.gradle/caches/modules-2/files-2.1/org.javassist/javassist/3.22.0-CR2/44eaf0990dea92f4bca4b9931b2239c0e8756ee7/javassist-3.22.0-CR2.jar:/Users/mikepolak/.gradle/caches/modules-2/files-2.1/antlr/antlr/2.7.7/83cd2cd674a217ade95a4bb83a8a14f351f48bd0/antlr-2.7.7.jar:/Users/mikepolak/.gradle/caches/modules-2/files-2.1/org.jboss/jandex/2.0.3.Final/bfc4d6257dbff7a33a357f0de116be6ff951d849/jandex-2.0.3.Final.jar:/Users/mikepolak/.gradle/caches/modules-2/files-2.1/dom4j/dom4j/1.6.1/5d3ccc056b6f056dbf0dddfdf43894b9065a8f94/dom4j-1.6.1.jar:/Users/mikepolak/.gradle/caches/modules-2/files-2.1/com.fasterxml.jackson.datatype/jackson-datatype-jdk8/2.9.2/9b0b7c623262e29c73e8f6a78f6150372d2066f8/jackson-datatype-jdk8-2.9.2.jar:/Users/mikepolak/.gradle/caches/modules-2/files-2.1/com.fasterxml.jackson.datatype/jackson-datatype-jsr310/2.9.2/e1653d338703d8233cc1ac18c6722510bdaceb4f/jackson-datatype-jsr310-2.9.2.jar:/Users/mikepolak/.gradle/caches/modules-2/files-2.1/com.fasterxml.jackson.module/jackson-module-parameter-names/2.9.2/be78ca220839b2c53ebd33fd4d580b5a0cacdd5a/jackson-module-parameter-names-2.9.2.jar:/Users/mikepolak/.gradle/caches/modules-2/files-2.1/com.fasterxml.jackson.core/jackson-databind/2.9.2/1d8d8cb7cf26920ba57fb61fa56da88cc123b21f/jackson-databind-2.9.2.jar:/Users/mikepolak/.gradle/caches/modules-2/files-2.1/org.apache.tomcat.embed/tomcat-embed-websocket/8.5.23/52f07abcae10dc7e1764304b0877def175c2c833/tomcat-embed-websocket-8.5.23.jar:/Users/mikepolak/.gradle/caches/modules-2/files-2.1/org.apache.tomcat.embed/tomcat-embed-core/8.5.23/79261793a47f507890ee08f749b9d81774e4f7f0/tomcat-embed-core-8.5.23.jar:/Users/mikepolak/.gradle/caches/modules-2/files-2.1/org.apache.tomcat.embed/tomcat-embed-el/8.5.23/98d979cde444dffa6d434c8377d0123b2dfa614c/tomcat-embed-el-8.5.23.jar:/Users/mikepolak/.gradle/caches/modules-2/files-2.1/javax.validation/validation-api/2.0.0.Final/4a7ff48084bd336c4de1f79f027f6f77badf399e/validation-api-2.0.0.Final.jar:/Users/mikepolak/.gradle/caches/modules-2/files-2.1/javax.activation/activation/1.1/e6cb541461c2834bdea3eb920f1884d1eb508b50/activation-1.1.jar:/Users/mikepolak/.gradle/caches/modules-2/files-2.1/com.fasterxml.jackson.core/jackson-annotations/2.9.0/7c10d545325e3a6e72e06381afe469fd40eb701/jackson-annotations-2.9.0.jar:/Users/mikepolak/.gradle/caches/modules-2/files-2.1/org.latencyutils/LatencyUtils/2.0.3/769c0b82cb2421c8256300e907298a9410a2a3d3/LatencyUtils-2.0.3.jar:/Users/mikepolak/.gradle/caches/modules-2/files-2.1/org.hdrhistogram/HdrHistogram/2.1.10/9e1ac84eed220281841b75e72fb9de5a297fbf04/HdrHistogram-2.1.10.jar:/Users/mikepolak/.gradle/caches/modules-2/files-2.1/net.minidev/json-smart/2.3/7396407491352ce4fa30de92efb158adb76b5b/json-smart-2.3.jar:/Users/mikepolak/.gradle/caches/modules-2/files-2.1/net.bytebuddy/byte-buddy/1.7.9/51218a01a882c04d0aba8c028179cce488bbcb58/byte-buddy-1.7.9.jar:/Users/mikepolak/.gradle/caches/modules-2/files-2.1/net.bytebuddy/byte-buddy-agent/1.7.9/a6c65f9da7f467ee1f02ff2841ffd3155aee2fc9/byte-buddy-agent-1.7.9.jar:/Users/mikepolak/.gradle/caches/modules-2/files-2.1/org.objenesis/objenesis/2.6/639033469776fd37c08358c6b92a4761feb2af4b/objenesis-2.6.jar:/Users/mikepolak/.gradle/caches/modules-2/files-2.1/com.vaadin.external.google/android-json/0.0.20131108.vaadin1/fa26d351fe62a6a17f5cda1287c1c6110dec413f/android-json-0.0.20131108.vaadin1.jar:/Users/mikepolak/.gradle/caches/modules-2/files-2.1/org.springframework/spring-jcl/5.0.2.RELEASE/212a0bdd54e026641cf527aeb8e578f86e402bf1/spring-jcl-5.0.2.RELEASE.jar:/Users/mikepolak/.gradle/caches/modules-2/files-2.1/com.fasterxml.jackson.core/jackson-core/2.9.2/aed20e50152a2f19adc1995c8d8f307c7efa414d/jackson-core-2.9.2.jar:/Users/mikepolak/.gradle/caches/modules-2/files-2.1/org.apache.tomcat/tomcat-annotations-api/8.5.23/aaf17df9fe0240e9e9d5375d24d5f177174b73d9/tomcat-annotations-api-8.5.23.jar:/Users/mikepolak/.gradle/caches/modules-2/files-2.1/net.minidev/accessors-smart/1.2/c592b500269bfde36096641b01238a8350f8aa31/accessors-smart-1.2.jar:/Users/mikepolak/.gradle/caches/modules-2/files-2.1/ch.qos.logback/logback-core/1.2.3/864344400c3d4d92dfeb0a305dc87d953677c03c/logback-core-1.2.3.jar:/Users/mikepolak/.gradle/caches/modules-2/files-2.1/org.apache.logging.log4j/log4j-api/2.10.0/fec5797a55b786184a537abd39c3fa1449d752d6/log4j-api-2.10.0.jar:/Users/mikepolak/.gradle/caches/modules-2/files-2.1/org.ow2.asm/asm/5.0.4/da08b8cce7bbf903602a25a3a163ae252435795/asm-5.0.4.jar, user.name=mikepolak, java.vm.specification.version=1.8, sun.java.command=worker.org.gradle.process.internal.worker.GradleWorkerMain 'Gradle Test Executor 1', java.home=/Library/Java/JavaVirtualMachines/jdk1.8.0_151.jdk/Contents/Home/jre, sun.arch.data.model=64, user.language=pl, java.specification.vendor=Oracle Corporation, awt.toolkit=sun.lwawt.macosx.LWCToolkit, java.vm.info=mixed mode, java.version=1.8.0_151, java.ext.dirs=/Users/mikepolak/Library/Java/Extensions:/Library/Java/JavaVirtualMachines/jdk1.8.0_151.jdk/Contents/Home/jre/lib/ext:/Library/Java/Extensions:/Network/Library/Java/Extensions:/System/Library/Java/Extensions:/usr/lib/java, sun.boot.class.path=/Library/Java/JavaVirtualMachines/jdk1.8.0_151.jdk/Contents/Home/jre/lib/resources.jar:/Library/Java/JavaVirtualMachines/jdk1.8.0_151.jdk/Contents/Home/jre/lib/rt.jar:/Library/Java/JavaVirtualMachines/jdk1.8.0_151.jdk/Contents/Home/jre/lib/sunrsasign.jar:/Library/Java/JavaVirtualMachines/jdk1.8.0_151.jdk/Contents/Home/jre/lib/jsse.jar:/Library/Java/JavaVirtualMachines/jdk1.8.0_151.jdk/Contents/Home/jre/lib/jce.jar:/Library/Java/JavaVirtualMachines/jdk1.8.0_151.jdk/Contents/Home/jre/lib/charsets.jar:/Library/Java/JavaVirtualMachines/jdk1.8.0_151.jdk/Contents/Home/jre/lib/jfr.jar:/Library/Java/JavaVirtualMachines/jdk1.8.0_151.jdk/Contents/Home/jre/classes, java.vendor=Oracle Corporation, org.gradle.test.worker=1, file.separator=/, java.vendor.url.bug=http://bugreport.sun.com/bugreport/, sun.io.unicode.encoding=UnicodeBig, sun.cpu.endian=little, socksNonProxyHosts=tomatoproxy.eu|*.tomatoproxy.eu, ftp.nonProxyHosts=tomatoproxy.eu|*.tomatoproxy.eu, sun.cpu.isalist=}}, SystemEnvironmentPropertySource@286343425 {name='systemEnvironment', properties={APP_ICON_1488=/Users/mikepolak/Downloads/michal-kalas-project-master/media/gradle.icns, PATH=/usr/local/bin:/usr/bin:/bin:/usr/sbin:/sbin, JAVA_ARCH=x86_64, SHELL=/bin/bash, TERM=xterm-256color, OLDPWD=/Users/mikepolak/Downloads/michal-kalas-project-master, USER=mikepolak, APP_NAME_1488=Gradle, TMPDIR=/var/folders/mh/873zkjwn29g7m55l6m239l580000gn/T/, SSH_AUTH_SOCK=/private/tmp/com.apple.launchd.uniPAyw93U/Listeners, XPC_FLAGS=0x0, __CF_USER_TEXT_ENCODING=0x1F5:0x1D:0x2A, Apple_PubSub_Socket_Render=/private/tmp/com.apple.launchd.2o7YtiTAyI/Render, JAVA_MAIN_CLASS_1499=worker.org.gradle.process.internal.worker.GradleWorkerMain, com.apple.java.jvmTask=CommandLine, JAVA_MAIN_CLASS_1488=org.gradle.wrapper.GradleWrapperMain, LOGNAME=mikepolak, LC_CTYPE=pl_PL.UTF-8, PWD=/Users/mikepolak/Downloads/michal-kalas-project-master, XPC_SERVICE_NAME=0, SHLVL=1, HOME=/Users/mikepolak}}]
22:49:35.275 [Test worker] DEBUG org.springframework.test.context.support.TestPropertySourceUtils - Adding inlined properties to environment: {spring.jmx.enabled=false, org.springframework.boot.test.autoconfigure.web.servlet.WebMvcTestContextBootstrapper=true, server.port=-1}
22:49:35.276 [Test worker] DEBUG org.springframework.core.env.StandardEnvironment - Adding PropertySource 'Inlined Test Properties' with highest search precedence

  .   ____          _            __ _ _
 /\\ / ___'_ __ _ _(_)_ __  __ _ \ \ \ \
( ( )\___ | '_ | '_| | '_ \/ _` | \ \ \ \
 \\/  ___)| |_)| | | | | || (_| |  ) ) ) )
  '  |____| .__|_| |_|_| |_\__, | / / / /
 =========|_|==============|___/=/_/_/_/
 :: Spring Boot ::             (v2.0.0.M7)

2018-03-06 22:49:35.714  INFO 1499 --- [    Test worker] c.c.t.controller.TrelloControllerTest    : Starting TrelloControllerTest on macbook-air.home with PID 1499 (started by mikepolak in /Users/mikepolak/Downloads/michal-kalas-project-master)
2018-03-06 22:49:35.720  INFO 1499 --- [    Test worker] c.c.t.controller.TrelloControllerTest    : No active profile set, falling back to default profiles: default
2018-03-06 22:49:35.787  INFO 1499 --- [    Test worker] o.s.w.c.s.GenericWebApplicationContext   : Refreshing org.springframework.web.context.support.GenericWebApplicationContext@3d4d4df1: startup date [Tue Mar 06 22:49:35 CET 2018]; root of context hierarchy
2018-03-06 22:49:39.385  INFO 1499 --- [    Test worker] o.h.v.i.engine.ValidatorFactoryImpl      : HV000238: Temporal validation tolerance set to 0.
2018-03-06 22:49:39.800  INFO 1499 --- [    Test worker] s.w.s.m.m.a.RequestMappingHandlerMapping : Mapped "{[/v1/trello/createTrelloCard],methods=[POST]}" onto public com.crud.tasks.mapper.CreatedTrelloCardDto com.crud.tasks.controller.TrelloController.createTrelloCard(com.crud.tasks.domain.TrelloCardDto)
2018-03-06 22:49:39.803  INFO 1499 --- [    Test worker] s.w.s.m.m.a.RequestMappingHandlerMapping : Mapped "{[/v1/trello/getTrelloBoards],methods=[GET]}" onto public java.util.List<com.crud.tasks.domain.TrelloBoardDto> com.crud.tasks.controller.TrelloController.getTrelloBoards()
2018-03-06 22:49:39.811  INFO 1499 --- [    Test worker] s.w.s.m.m.a.RequestMappingHandlerMapping : Mapped "{[/swagger-resources/configuration/security]}" onto public org.springframework.http.ResponseEntity<springfox.documentation.swagger.web.SecurityConfiguration> springfox.documentation.swagger.web.ApiResourceController.securityConfiguration()
2018-03-06 22:49:39.812  INFO 1499 --- [    Test worker] s.w.s.m.m.a.RequestMappingHandlerMapping : Mapped "{[/swagger-resources/configuration/ui]}" onto public org.springframework.http.ResponseEntity<springfox.documentation.swagger.web.UiConfiguration> springfox.documentation.swagger.web.ApiResourceController.uiConfiguration()
2018-03-06 22:49:39.813  INFO 1499 --- [    Test worker] s.w.s.m.m.a.RequestMappingHandlerMapping : Mapped "{[/swagger-resources]}" onto public org.springframework.http.ResponseEntity<java.util.List<springfox.documentation.swagger.web.SwaggerResource>> springfox.documentation.swagger.web.ApiResourceController.swaggerResources()
2018-03-06 22:49:39.820  INFO 1499 --- [    Test worker] s.w.s.m.m.a.RequestMappingHandlerMapping : Mapped "{[/error]}" onto public org.springframework.http.ResponseEntity<java.util.Map<java.lang.String, java.lang.Object>> org.springframework.boot.autoconfigure.web.servlet.error.BasicErrorController.error(javax.servlet.http.HttpServletRequest)
2018-03-06 22:49:39.823  INFO 1499 --- [    Test worker] s.w.s.m.m.a.RequestMappingHandlerMapping : Mapped "{[/error],produces=[text/html]}" onto public org.springframework.web.servlet.ModelAndView org.springframework.boot.autoconfigure.web.servlet.error.BasicErrorController.errorHtml(javax.servlet.http.HttpServletRequest,javax.servlet.http.HttpServletResponse)
2018-03-06 22:49:40.052  INFO 1499 --- [    Test worker] pertySourcedRequestMappingHandlerMapping : Mapped URL path [/v2/api-docs] onto method [public org.springframework.http.ResponseEntity<springfox.documentation.spring.web.json.Json> springfox.documentation.swagger2.web.Swagger2Controller.getDocumentation(java.lang.String,javax.servlet.http.HttpServletRequest)]
2018-03-06 22:49:40.139  INFO 1499 --- [    Test worker] o.h.v.i.engine.ValidatorFactoryImpl      : HV000238: Temporal validation tolerance set to 0.
2018-03-06 22:49:40.471  INFO 1499 --- [    Test worker] s.w.s.m.m.a.RequestMappingHandlerAdapter : Looking for @ControllerAdvice: org.springframework.web.context.support.GenericWebApplicationContext@3d4d4df1: startup date [Tue Mar 06 22:49:35 CET 2018]; root of context hierarchy
2018-03-06 22:49:40.584  INFO 1499 --- [    Test worker] o.s.w.s.handler.SimpleUrlHandlerMapping  : Mapped URL path [/lib/**] onto handler of type [class org.springframework.web.servlet.resource.ResourceHttpRequestHandler]
2018-03-06 22:49:40.585  INFO 1499 --- [    Test worker] o.s.w.s.handler.SimpleUrlHandlerMapping  : Mapped URL path [/images/**] onto handler of type [class org.springframework.web.servlet.resource.ResourceHttpRequestHandler]
2018-03-06 22:49:40.586  INFO 1499 --- [    Test worker] o.s.w.s.handler.SimpleUrlHandlerMapping  : Mapped URL path [/css/**] onto handler of type [class org.springframework.web.servlet.resource.ResourceHttpRequestHandler]
2018-03-06 22:49:40.586  INFO 1499 --- [    Test worker] o.s.w.s.handler.SimpleUrlHandlerMapping  : Mapped URL path [/swagger-ui.html] onto handler of type [class org.springframework.web.servlet.resource.ResourceHttpRequestHandler]
2018-03-06 22:49:40.587  INFO 1499 --- [    Test worker] o.s.w.s.handler.SimpleUrlHandlerMapping  : Mapped URL path [/webjars/**] onto handler of type [class org.springframework.web.servlet.resource.ResourceHttpRequestHandler]
2018-03-06 22:49:40.587  INFO 1499 --- [    Test worker] o.s.w.s.handler.SimpleUrlHandlerMapping  : Mapped URL path [/**] onto handler of type [class org.springframework.web.servlet.resource.ResourceHttpRequestHandler]
2018-03-06 22:49:40.662  INFO 1499 --- [    Test worker] o.s.w.s.handler.SimpleUrlHandlerMapping  : Mapped URL path [/**/favicon.ico] onto handler of type [class org.springframework.web.servlet.resource.ResourceHttpRequestHandler]
2018-03-06 22:49:40.891  INFO 1499 --- [    Test worker] o.s.b.t.m.w.SpringBootMockServletContext : Initializing Spring FrameworkServlet ''
2018-03-06 22:49:40.893  INFO 1499 --- [    Test worker] o.s.t.web.servlet.TestDispatcherServlet  : FrameworkServlet '': initialization started
2018-03-06 22:49:40.919  INFO 1499 --- [    Test worker] o.s.t.web.servlet.TestDispatcherServlet  : FrameworkServlet '': initialization completed in 26 ms
2018-03-06 22:49:41.104  INFO 1499 --- [    Test worker] o.s.c.support.DefaultLifecycleProcessor  : Starting beans in phase 2147483647
2018-03-06 22:49:41.105  INFO 1499 --- [    Test worker] d.s.w.p.DocumentationPluginsBootstrapper : Context refreshed
2018-03-06 22:49:41.147  INFO 1499 --- [    Test worker] d.s.w.p.DocumentationPluginsBootstrapper : Found 1 custom documentation plugin(s)
2018-03-06 22:49:41.214  INFO 1499 --- [    Test worker] s.d.s.w.s.ApiListingReferenceScanner     : Scanning for api listing references
2018-03-06 22:49:41.450  INFO 1499 --- [    Test worker] c.c.t.controller.TrelloControllerTest    : Started TrelloControllerTest in 6.152 seconds (JVM running for 8.997)
]]></system-out>
  <system-err><![CDATA[]]></system-err>
</testsuite>
