<?xml version="1.0" encoding="UTF-8"?>
<testsuite name="com.crud.tasks.TasksApplicationTests" tests="1" skipped="0" failures="0" errors="0" timestamp="2018-01-28T16:03:11" hostname="macbook-air.home" time="0.495">
  <properties/>
  <testcase name="contextLoads" classname="com.crud.tasks.TasksApplicationTests" time="0.495"/>
  <system-out><![CDATA[17:03:02.076 [Test worker] DEBUG org.springframework.test.context.junit4.SpringJUnit4ClassRunner - SpringJUnit4ClassRunner constructor called with [class com.crud.tasks.TasksApplicationTests]
17:03:02.106 [Test worker] DEBUG org.springframework.test.context.BootstrapUtils - Instantiating CacheAwareContextLoaderDelegate from class [org.springframework.test.context.cache.DefaultCacheAwareContextLoaderDelegate]
17:03:02.127 [Test worker] DEBUG org.springframework.test.context.BootstrapUtils - Instantiating BootstrapContext using constructor [public org.springframework.test.context.support.DefaultBootstrapContext(java.lang.Class,org.springframework.test.context.CacheAwareContextLoaderDelegate)]
17:03:02.151 [Test worker] DEBUG org.springframework.test.context.BootstrapUtils - Instantiating TestContextBootstrapper for test class [com.crud.tasks.TasksApplicationTests] from class [org.springframework.boot.test.context.SpringBootTestContextBootstrapper]
17:03:02.195 [Test worker] INFO org.springframework.boot.test.context.SpringBootTestContextBootstrapper - Neither @ContextConfiguration nor @ContextHierarchy found for test class [com.crud.tasks.TasksApplicationTests], using SpringBootContextLoader
17:03:02.203 [Test worker] DEBUG org.springframework.test.context.support.AbstractContextLoader - Did not detect default resource location for test class [com.crud.tasks.TasksApplicationTests]: class path resource [com/crud/tasks/TasksApplicationTests-context.xml] does not exist
17:03:02.203 [Test worker] DEBUG org.springframework.test.context.support.AbstractContextLoader - Did not detect default resource location for test class [com.crud.tasks.TasksApplicationTests]: class path resource [com/crud/tasks/TasksApplicationTestsContext.groovy] does not exist
17:03:02.204 [Test worker] INFO org.springframework.test.context.support.AbstractContextLoader - Could not detect default resource locations for test class [com.crud.tasks.TasksApplicationTests]: no resource found for suffixes {-context.xml, Context.groovy}.
17:03:02.207 [Test worker] INFO org.springframework.test.context.support.AnnotationConfigContextLoaderUtils - Could not detect default configuration classes for test class [com.crud.tasks.TasksApplicationTests]: TasksApplicationTests does not declare any static, non-private, non-final, nested classes annotated with @Configuration.
17:03:02.340 [Test worker] DEBUG org.springframework.test.context.support.ActiveProfilesUtils - Could not find an 'annotation declaring class' for annotation type [org.springframework.test.context.ActiveProfiles] and class [com.crud.tasks.TasksApplicationTests]
17:03:02.352 [Test worker] DEBUG org.springframework.core.env.StandardEnvironment - Adding PropertySource 'systemProperties' with lowest search precedence
17:03:02.353 [Test worker] DEBUG org.springframework.core.env.StandardEnvironment - Adding PropertySource 'systemEnvironment' with lowest search precedence
17:03:02.353 [Test worker] DEBUG org.springframework.core.env.StandardEnvironment - Initialized StandardEnvironment with PropertySources [MapPropertySource@1862954699 {name='systemProperties', properties={java.runtime.name=Java(TM) SE Runtime Environment, sun.boot.library.path=/Library/Java/JavaVirtualMachines/jdk1.8.0_151.jdk/Contents/Home/jre/lib, java.vm.version=25.151-b12, gopherProxySet=false, java.vm.vendor=Oracle Corporation, java.vendor.url=http://java.oracle.com/, path.separator=:, java.vm.name=Java HotSpot(TM) 64-Bit Server VM, file.encoding.pkg=sun.io, sun.java.launcher=SUN_STANDARD, user.country=PL, sun.os.patch.level=unknown, java.vm.specification.name=Java Virtual Machine Specification, user.dir=/Users/mikepolak/Downloads/michal-kalas-project-master, java.runtime.version=1.8.0_151-b12, java.awt.graphicsenv=sun.awt.CGraphicsEnvironment, java.endorsed.dirs=/Library/Java/JavaVirtualMachines/jdk1.8.0_151.jdk/Contents/Home/jre/lib/endorsed, os.arch=x86_64, java.io.tmpdir=/var/folders/mh/873zkjwn29g7m55l6m239l580000gn/T/, line.separator=
, java.vm.specification.vendor=Oracle Corporation, user.variant=, os.name=Mac OS X, sun.jnu.encoding=UTF-8, java.library.path=/Users/mikepolak/Library/Java/Extensions:/Library/Java/Extensions:/Network/Library/Java/Extensions:/System/Library/Java/Extensions:/usr/lib/java:., java.specification.name=Java Platform API Specification, java.class.version=52.0, org.gradle.native=false, sun.management.compiler=HotSpot 64-Bit Tiered Compilers, os.version=10.13.2, http.nonProxyHosts=tomatoproxy.eu|*.tomatoproxy.eu, user.home=/Users/mikepolak, user.timezone=Europe/Warsaw, java.awt.printerjob=sun.lwawt.macosx.CPrinterJob, file.encoding=UTF-8, java.specification.version=1.8, java.class.path=/Users/mikepolak/Downloads/michal-kalas-project-master/build/classes/java/test:/Users/mikepolak/Downloads/michal-kalas-project-master/build/resources/test:/Users/mikepolak/Downloads/michal-kalas-project-master/build/classes/java/main:/Users/mikepolak/Downloads/michal-kalas-project-master/build/resources/main:/Users/mikepolak/.gradle/caches/modules-2/files-2.1/org.springframework.boot/spring-boot-starter-data-jpa/2.0.0.M7/2b296829ab8517ff3754bdab10d85536767038c2/spring-boot-starter-data-jpa-2.0.0.M7.jar:/Users/mikepolak/.gradle/caches/modules-2/files-2.1/mysql/mysql-connector-java/5.1.44/61b6b998192c85bb581c6be90e03dcd4b9079db4/mysql-connector-java-5.1.44.jar:/Users/mikepolak/.gradle/caches/modules-2/files-2.1/org.springframework.boot/spring-boot-starter-web/2.0.0.M7/eb364c43417c6de883c38ffc9d79b91a63c9c3bd/spring-boot-starter-web-2.0.0.M7.jar:/Users/mikepolak/.gradle/caches/modules-2/files-2.1/org.projectlombok/lombok/1.16.18/557d13dcb647038dc687390711ccb5c9b3ffbd60/lombok-1.16.18.jar:/Users/mikepolak/.gradle/caches/modules-2/files-2.1/org.springframework.boot/spring-boot-starter-tomcat/2.0.0.M7/709f5f42c3cfdc6d5a5d6921b7bcb7714f8d638c/spring-boot-starter-tomcat-2.0.0.M7.jar:/Users/mikepolak/.gradle/caches/modules-2/files-2.1/org.springframework.boot/spring-boot-starter-test/2.0.0.M7/8cf69bda8093fc1fb7436a82fac3adde4fd5e97b/spring-boot-starter-test-2.0.0.M7.jar:/Users/mikepolak/.gradle/caches/modules-2/files-2.1/org.springframework.boot/spring-boot-starter-aop/2.0.0.M7/6a979041d2c43d4f5ba8025ba6fafb0df4698679/spring-boot-starter-aop-2.0.0.M7.jar:/Users/mikepolak/.gradle/caches/modules-2/files-2.1/org.springframework.boot/spring-boot-starter-jdbc/2.0.0.M7/cd0eb5ba738573c70b24f5aab663c9e8270d4d93/spring-boot-starter-jdbc-2.0.0.M7.jar:/Users/mikepolak/.gradle/caches/modules-2/files-2.1/org.springframework.boot/spring-boot-starter-json/2.0.0.M7/7f352d7960cbe1a341e0721625dddb1bca6c5313/spring-boot-starter-json-2.0.0.M7.jar:/Users/mikepolak/.gradle/caches/modules-2/files-2.1/org.springframework.boot/spring-boot-starter/2.0.0.M7/b9affaea8ab21294386d5c2682b66f143852878d/spring-boot-starter-2.0.0.M7.jar:/Users/mikepolak/.gradle/caches/modules-2/files-2.1/org.hibernate/hibernate-core/5.2.12.Final/ea479b6692e22c9b642dd4142db670e92d106544/hibernate-core-5.2.12.Final.jar:/Users/mikepolak/.gradle/caches/modules-2/files-2.1/javax.transaction/javax.transaction-api/1.2/d81aff979d603edd90dcd8db2abc1f4ce6479e3e/javax.transaction-api-1.2.jar:/Users/mikepolak/.gradle/caches/modules-2/files-2.1/org.springframework.data/spring-data-jpa/2.0.2.RELEASE/87ab35c6913a55acade27592161d3b7a543c68a9/spring-data-jpa-2.0.2.RELEASE.jar:/Users/mikepolak/.gradle/caches/modules-2/files-2.1/org.springframework/spring-aspects/5.0.2.RELEASE/b26a3ab00f741144c4e2dab39c0ab0ea7a411ef/spring-aspects-5.0.2.RELEASE.jar:/Users/mikepolak/.gradle/caches/modules-2/files-2.1/org.hibernate.validator/hibernate-validator/6.0.5.Final/c0a53a8178a0487c5f2fe84434b9965a3cd44f22/hibernate-validator-6.0.5.Final.jar:/Users/mikepolak/.gradle/caches/modules-2/files-2.1/org.springframework/spring-webmvc/5.0.2.RELEASE/8dbe4a28cae3ffa222aeff6776a3928a88d66e6f/spring-webmvc-5.0.2.RELEASE.jar:/Users/mikepolak/.gradle/caches/modules-2/files-2.1/org.springframework/spring-web/5.0.2.RELEASE/eea8edef792fb93c1c55cc61078ce14ffb3542df/spring-web-5.0.2.RELEASE.jar:/Users/mikepolak/.gradle/caches/modules-2/files-2.1/org.apache.tomcat.embed/tomcat-embed-websocket/8.5.23/52f07abcae10dc7e1764304b0877def175c2c833/tomcat-embed-websocket-8.5.23.jar:/Users/mikepolak/.gradle/caches/modules-2/files-2.1/org.apache.tomcat.embed/tomcat-embed-core/8.5.23/79261793a47f507890ee08f749b9d81774e4f7f0/tomcat-embed-core-8.5.23.jar:/Users/mikepolak/.gradle/caches/modules-2/files-2.1/org.apache.tomcat.embed/tomcat-embed-el/8.5.23/98d979cde444dffa6d434c8377d0123b2dfa614c/tomcat-embed-el-8.5.23.jar:/Users/mikepolak/.gradle/caches/modules-2/files-2.1/org.springframework.boot/spring-boot-test-autoconfigure/2.0.0.M7/e394cadb478d2010bc16e3bb9bb4aae3393c5241/spring-boot-test-autoconfigure-2.0.0.M7.jar:/Users/mikepolak/.gradle/caches/modules-2/files-2.1/org.springframework.boot/spring-boot-test/2.0.0.M7/6a9052117e71cce41eb0bddb68b97ffeaf0b32c4/spring-boot-test-2.0.0.M7.jar:/Users/mikepolak/.gradle/caches/modules-2/files-2.1/com.jayway.jsonpath/json-path/2.4.0/765a4401ceb2dc8d40553c2075eb80a8fa35c2ae/json-path-2.4.0.jar:/Users/mikepolak/.gradle/caches/modules-2/files-2.1/junit/junit/4.12/2973d150c0dc1fefe998f834810d68f278ea58ec/junit-4.12.jar:/Users/mikepolak/.gradle/caches/modules-2/files-2.1/org.assertj/assertj-core/3.8.0/b209d90ff2e279bee3e02547ee7b11349c52d0e3/assertj-core-3.8.0.jar:/Users/mikepolak/.gradle/caches/modules-2/files-2.1/org.mockito/mockito-core/2.12.0/a42fb82aa1eccb27c3f0371c8bc7385ae1c6598d/mockito-core-2.12.0.jar:/Users/mikepolak/.gradle/caches/modules-2/files-2.1/org.hamcrest/hamcrest-library/1.3/4785a3c21320980282f9f33d0d1264a69040538f/hamcrest-library-1.3.jar:/Users/mikepolak/.gradle/caches/modules-2/files-2.1/org.hamcrest/hamcrest-core/1.3/42a25dc3219429f0e5d060061f71acb49bf010a0/hamcrest-core-1.3.jar:/Users/mikepolak/.gradle/caches/modules-2/files-2.1/org.skyscreamer/jsonassert/1.5.0/6c9d5fe2f59da598d9aefc1cfc6528ff3cf32df3/jsonassert-1.5.0.jar:/Users/mikepolak/.gradle/caches/modules-2/files-2.1/org.springframework/spring-test/5.0.2.RELEASE/a6fdd26c9a21958134522a5232e9f23929985f9/spring-test-5.0.2.RELEASE.jar:/Users/mikepolak/.gradle/caches/modules-2/files-2.1/org.springframework.boot/spring-boot-autoconfigure/2.0.0.M7/db2360882ec36c119c4378d01b0325a833b07271/spring-boot-autoconfigure-2.0.0.M7.jar:/Users/mikepolak/.gradle/caches/modules-2/files-2.1/org.springframework.boot/spring-boot/2.0.0.M7/b1e1ad98517ae8988dd578b3ae2e2705c8f5634/spring-boot-2.0.0.M7.jar:/Users/mikepolak/.gradle/caches/modules-2/files-2.1/org.springframework/spring-context/5.0.2.RELEASE/743a5f6d94a8af5759e6e70c360a7b4a47a704c/spring-context-5.0.2.RELEASE.jar:/Users/mikepolak/.gradle/caches/modules-2/files-2.1/org.springframework/spring-aop/5.0.2.RELEASE/4d49aa2cff33be79da99413e28a905898600ccaa/spring-aop-5.0.2.RELEASE.jar:/Users/mikepolak/.gradle/caches/modules-2/files-2.1/org.springframework/spring-orm/5.0.2.RELEASE/59f207a8426f6090734663afcd6d6003cca57ce8/spring-orm-5.0.2.RELEASE.jar:/Users/mikepolak/.gradle/caches/modules-2/files-2.1/org.springframework/spring-jdbc/5.0.2.RELEASE/5efc255d4073cfa639ecf8e92f162528519f9dd3/spring-jdbc-5.0.2.RELEASE.jar:/Users/mikepolak/.gradle/caches/modules-2/files-2.1/org.springframework.data/spring-data-commons/2.0.2.RELEASE/1befa3239976b856202b1735531910a0c2f4e17f/spring-data-commons-2.0.2.RELEASE.jar:/Users/mikepolak/.gradle/caches/modules-2/files-2.1/org.springframework/spring-tx/5.0.2.RELEASE/38ef30ad6e34b5004c8955685b6a7ea753717b7d/spring-tx-5.0.2.RELEASE.jar:/Users/mikepolak/.gradle/caches/modules-2/files-2.1/org.springframework/spring-beans/5.0.2.RELEASE/301ee07b390bc8b5691f4206411b49beb06f7ff2/spring-beans-5.0.2.RELEASE.jar:/Users/mikepolak/.gradle/caches/modules-2/files-2.1/org.springframework/spring-expression/5.0.2.RELEASE/246bf50b5b46379041d333b4a46a01a7aea0b788/spring-expression-5.0.2.RELEASE.jar:/Users/mikepolak/.gradle/caches/modules-2/files-2.1/org.springframework/spring-core/5.0.2.RELEASE/45b2958ab3fb022dd29f8b1c553ebf1c75a144aa/spring-core-5.0.2.RELEASE.jar:/Users/mikepolak/.gradle/caches/modules-2/files-2.1/org.xmlunit/xmlunit-core/2.5.1/4ffdb346572a7356f7521cd3119ce5287d2e339d/xmlunit-core-2.5.1.jar:/Users/mikepolak/.gradle/caches/modules-2/files-2.1/org.springframework.boot/spring-boot-starter-logging/2.0.0.M7/328a8032b5ed852958d410dec02638c0a93b3cb1/spring-boot-starter-logging-2.0.0.M7.jar:/Users/mikepolak/.gradle/caches/modules-2/files-2.1/javax.annotation/javax.annotation-api/1.3.1/20a2c0583598d68b0835474bbe07792d4f3b219f/javax.annotation-api-1.3.1.jar:/Users/mikepolak/.gradle/caches/modules-2/files-2.1/org.yaml/snakeyaml/1.19/2d998d3d674b172a588e54ab619854d073f555b5/snakeyaml-1.19.jar:/Users/mikepolak/.gradle/caches/modules-2/files-2.1/org.aspectj/aspectjweaver/1.8.13/ad94df2a28d658a40dc27bbaff6a1ce5fbf04e9b/aspectjweaver-1.8.13.jar:/Users/mikepolak/.gradle/caches/modules-2/files-2.1/com.zaxxer/HikariCP/2.7.4/c101cbc2d07c0adffa0857e742229ef785892699/HikariCP-2.7.4.jar:/Users/mikepolak/.gradle/caches/modules-2/files-2.1/org.hibernate.common/hibernate-commons-annotations/5.0.1.Final/71e1cff3fcb20d3b3af4f3363c3ddb24d33c6879/hibernate-commons-annotations-5.0.1.Final.jar:/Users/mikepolak/.gradle/caches/modules-2/files-2.1/org.jboss.logging/jboss-logging/3.3.1.Final/c46217ab74b532568c0ed31dc599db3048bd1b67/jboss-logging-3.3.1.Final.jar:/Users/mikepolak/.gradle/caches/modules-2/files-2.1/org.hibernate.javax.persistence/hibernate-jpa-2.1-api/1.0.0.Final/5e731d961297e5a07290bfaf3db1fbc8bbbf405a/hibernate-jpa-2.1-api-1.0.0.Final.jar:/Users/mikepolak/.gradle/caches/modules-2/files-2.1/org.javassist/javassist/3.22.0-CR2/44eaf0990dea92f4bca4b9931b2239c0e8756ee7/javassist-3.22.0-CR2.jar:/Users/mikepolak/.gradle/caches/modules-2/files-2.1/antlr/antlr/2.7.7/83cd2cd674a217ade95a4bb83a8a14f351f48bd0/antlr-2.7.7.jar:/Users/mikepolak/.gradle/caches/modules-2/files-2.1/org.jboss/jandex/2.0.3.Final/bfc4d6257dbff7a33a357f0de116be6ff951d849/jandex-2.0.3.Final.jar:/Users/mikepolak/.gradle/caches/modules-2/files-2.1/com.fasterxml/classmate/1.3.4/3d5f48f10bbe4eb7bd862f10c0583be2e0053c6/classmate-1.3.4.jar:/Users/mikepolak/.gradle/caches/modules-2/files-2.1/dom4j/dom4j/1.6.1/5d3ccc056b6f056dbf0dddfdf43894b9065a8f94/dom4j-1.6.1.jar:/Users/mikepolak/.gradle/caches/modules-2/files-2.1/ch.qos.logback/logback-classic/1.2.3/7c4f3c474fb2c041d8028740440937705ebb473a/logback-classic-1.2.3.jar:/Users/mikepolak/.gradle/caches/modules-2/files-2.1/org.apache.logging.log4j/log4j-to-slf4j/2.10.0/f7e631ccf49cfc0aefa4a2a728da7d374c05bd3c/log4j-to-slf4j-2.10.0.jar:/Users/mikepolak/.gradle/caches/modules-2/files-2.1/org.slf4j/jul-to-slf4j/1.7.25/af5364cd6679bfffb114f0dec8a157aaa283b76/jul-to-slf4j-1.7.25.jar:/Users/mikepolak/.gradle/caches/modules-2/files-2.1/org.slf4j/slf4j-api/1.7.25/da76ca59f6a57ee3102f8f9bd9cee742973efa8a/slf4j-api-1.7.25.jar:/Users/mikepolak/.gradle/caches/modules-2/files-2.1/com.fasterxml.jackson.datatype/jackson-datatype-jdk8/2.9.2/9b0b7c623262e29c73e8f6a78f6150372d2066f8/jackson-datatype-jdk8-2.9.2.jar:/Users/mikepolak/.gradle/caches/modules-2/files-2.1/com.fasterxml.jackson.datatype/jackson-datatype-jsr310/2.9.2/e1653d338703d8233cc1ac18c6722510bdaceb4f/jackson-datatype-jsr310-2.9.2.jar:/Users/mikepolak/.gradle/caches/modules-2/files-2.1/com.fasterxml.jackson.module/jackson-module-parameter-names/2.9.2/be78ca220839b2c53ebd33fd4d580b5a0cacdd5a/jackson-module-parameter-names-2.9.2.jar:/Users/mikepolak/.gradle/caches/modules-2/files-2.1/com.fasterxml.jackson.core/jackson-databind/2.9.2/1d8d8cb7cf26920ba57fb61fa56da88cc123b21f/jackson-databind-2.9.2.jar:/Users/mikepolak/.gradle/caches/modules-2/files-2.1/javax.validation/validation-api/2.0.0.Final/4a7ff48084bd336c4de1f79f027f6f77badf399e/validation-api-2.0.0.Final.jar:/Users/mikepolak/.gradle/caches/modules-2/files-2.1/org.apache.tomcat/tomcat-annotations-api/8.5.23/aaf17df9fe0240e9e9d5375d24d5f177174b73d9/tomcat-annotations-api-8.5.23.jar:/Users/mikepolak/.gradle/caches/modules-2/files-2.1/net.minidev/json-smart/2.3/7396407491352ce4fa30de92efb158adb76b5b/json-smart-2.3.jar:/Users/mikepolak/.gradle/caches/modules-2/files-2.1/net.bytebuddy/byte-buddy/1.7.9/51218a01a882c04d0aba8c028179cce488bbcb58/byte-buddy-1.7.9.jar:/Users/mikepolak/.gradle/caches/modules-2/files-2.1/net.bytebuddy/byte-buddy-agent/1.7.9/a6c65f9da7f467ee1f02ff2841ffd3155aee2fc9/byte-buddy-agent-1.7.9.jar:/Users/mikepolak/.gradle/caches/modules-2/files-2.1/org.objenesis/objenesis/2.6/639033469776fd37c08358c6b92a4761feb2af4b/objenesis-2.6.jar:/Users/mikepolak/.gradle/caches/modules-2/files-2.1/com.vaadin.external.google/android-json/0.0.20131108.vaadin1/fa26d351fe62a6a17f5cda1287c1c6110dec413f/android-json-0.0.20131108.vaadin1.jar:/Users/mikepolak/.gradle/caches/modules-2/files-2.1/org.springframework/spring-jcl/5.0.2.RELEASE/212a0bdd54e026641cf527aeb8e578f86e402bf1/spring-jcl-5.0.2.RELEASE.jar:/Users/mikepolak/.gradle/caches/modules-2/files-2.1/com.fasterxml.jackson.core/jackson-annotations/2.9.0/7c10d545325e3a6e72e06381afe469fd40eb701/jackson-annotations-2.9.0.jar:/Users/mikepolak/.gradle/caches/modules-2/files-2.1/com.fasterxml.jackson.core/jackson-core/2.9.2/aed20e50152a2f19adc1995c8d8f307c7efa414d/jackson-core-2.9.2.jar:/Users/mikepolak/.gradle/caches/modules-2/files-2.1/net.minidev/accessors-smart/1.2/c592b500269bfde36096641b01238a8350f8aa31/accessors-smart-1.2.jar:/Users/mikepolak/.gradle/caches/modules-2/files-2.1/ch.qos.logback/logback-core/1.2.3/864344400c3d4d92dfeb0a305dc87d953677c03c/logback-core-1.2.3.jar:/Users/mikepolak/.gradle/caches/modules-2/files-2.1/org.apache.logging.log4j/log4j-api/2.10.0/fec5797a55b786184a537abd39c3fa1449d752d6/log4j-api-2.10.0.jar:/Users/mikepolak/.gradle/caches/modules-2/files-2.1/org.ow2.asm/asm/5.0.4/da08b8cce7bbf903602a25a3a163ae252435795/asm-5.0.4.jar, user.name=mikepolak, java.vm.specification.version=1.8, sun.java.command=worker.org.gradle.process.internal.worker.GradleWorkerMain 'Gradle Test Executor 1', java.home=/Library/Java/JavaVirtualMachines/jdk1.8.0_151.jdk/Contents/Home/jre, sun.arch.data.model=64, user.language=pl, java.specification.vendor=Oracle Corporation, awt.toolkit=sun.lwawt.macosx.LWCToolkit, java.vm.info=mixed mode, java.version=1.8.0_151, java.ext.dirs=/Users/mikepolak/Library/Java/Extensions:/Library/Java/JavaVirtualMachines/jdk1.8.0_151.jdk/Contents/Home/jre/lib/ext:/Library/Java/Extensions:/Network/Library/Java/Extensions:/System/Library/Java/Extensions:/usr/lib/java, sun.boot.class.path=/Library/Java/JavaVirtualMachines/jdk1.8.0_151.jdk/Contents/Home/jre/lib/resources.jar:/Library/Java/JavaVirtualMachines/jdk1.8.0_151.jdk/Contents/Home/jre/lib/rt.jar:/Library/Java/JavaVirtualMachines/jdk1.8.0_151.jdk/Contents/Home/jre/lib/sunrsasign.jar:/Library/Java/JavaVirtualMachines/jdk1.8.0_151.jdk/Contents/Home/jre/lib/jsse.jar:/Library/Java/JavaVirtualMachines/jdk1.8.0_151.jdk/Contents/Home/jre/lib/jce.jar:/Library/Java/JavaVirtualMachines/jdk1.8.0_151.jdk/Contents/Home/jre/lib/charsets.jar:/Library/Java/JavaVirtualMachines/jdk1.8.0_151.jdk/Contents/Home/jre/lib/jfr.jar:/Library/Java/JavaVirtualMachines/jdk1.8.0_151.jdk/Contents/Home/jre/classes, java.vendor=Oracle Corporation, org.gradle.test.worker=1, file.separator=/, java.vendor.url.bug=http://bugreport.sun.com/bugreport/, sun.io.unicode.encoding=UnicodeBig, sun.cpu.endian=little, socksNonProxyHosts=tomatoproxy.eu|*.tomatoproxy.eu, ftp.nonProxyHosts=tomatoproxy.eu|*.tomatoproxy.eu, sun.cpu.isalist=}}, SystemEnvironmentPropertySource@1239658371 {name='systemEnvironment', properties={PATH=/usr/local/bin:/usr/bin:/bin:/usr/sbin:/sbin, JAVA_ARCH=x86_64, SHELL=/bin/bash, APP_NAME_3815=Gradle, TERM=xterm-256color, OLDPWD=/Users/mikepolak/Downloads/michal-kalas-project-master, USER=mikepolak, TMPDIR=/var/folders/mh/873zkjwn29g7m55l6m239l580000gn/T/, SSH_AUTH_SOCK=/private/tmp/com.apple.launchd.agHxGXNyNG/Listeners, JAVA_MAIN_CLASS_3815=org.gradle.wrapper.GradleWrapperMain, XPC_FLAGS=0x0, JAVA_MAIN_CLASS_3829=worker.org.gradle.process.internal.worker.GradleWorkerMain, __CF_USER_TEXT_ENCODING=0x1F5:0x1D:0x2A, Apple_PubSub_Socket_Render=/private/tmp/com.apple.launchd.JN7aSTKs3D/Render, com.apple.java.jvmTask=CommandLine, LOGNAME=mikepolak, LC_CTYPE=pl_PL.UTF-8, PWD=/Users/mikepolak/Downloads/michal-kalas-project-master, XPC_SERVICE_NAME=0, APP_ICON_3815=/Users/mikepolak/Downloads/michal-kalas-project-master/media/gradle.icns, SHLVL=1, HOME=/Users/mikepolak}}]
17:03:02.373 [Test worker] DEBUG org.springframework.core.io.support.PathMatchingResourcePatternResolver - Resolved classpath location [com/crud/tasks/] to resources [URL [file:/Users/mikepolak/Downloads/michal-kalas-project-master/build/classes/java/test/com/crud/tasks/], URL [file:/Users/mikepolak/Downloads/michal-kalas-project-master/build/classes/java/main/com/crud/tasks/]]
17:03:02.377 [Test worker] DEBUG org.springframework.core.io.support.PathMatchingResourcePatternResolver - Looking for matching resources in directory tree [/Users/mikepolak/Downloads/michal-kalas-project-master/build/classes/java/test/com/crud/tasks]
17:03:02.378 [Test worker] DEBUG org.springframework.core.io.support.PathMatchingResourcePatternResolver - Searching directory [/Users/mikepolak/Downloads/michal-kalas-project-master/build/classes/java/test/com/crud/tasks] for files matching pattern [/Users/mikepolak/Downloads/michal-kalas-project-master/build/classes/java/test/com/crud/tasks/*.class]
17:03:02.383 [Test worker] DEBUG org.springframework.core.io.support.PathMatchingResourcePatternResolver - Looking for matching resources in directory tree [/Users/mikepolak/Downloads/michal-kalas-project-master/build/classes/java/main/com/crud/tasks]
17:03:02.384 [Test worker] DEBUG org.springframework.core.io.support.PathMatchingResourcePatternResolver - Searching directory [/Users/mikepolak/Downloads/michal-kalas-project-master/build/classes/java/main/com/crud/tasks] for files matching pattern [/Users/mikepolak/Downloads/michal-kalas-project-master/build/classes/java/main/com/crud/tasks/*.class]
17:03:02.387 [Test worker] DEBUG org.springframework.core.io.support.PathMatchingResourcePatternResolver - Resolved location pattern [classpath*:com/crud/tasks/*.class] to resources [file [/Users/mikepolak/Downloads/michal-kalas-project-master/build/classes/java/test/com/crud/tasks/TasksApplicationTests.class], file [/Users/mikepolak/Downloads/michal-kalas-project-master/build/classes/java/main/com/crud/tasks/TasksApplication.class]]
17:03:02.495 [Test worker] DEBUG org.springframework.context.annotation.ClassPathScanningCandidateComponentProvider - Identified candidate component class: file [/Users/mikepolak/Downloads/michal-kalas-project-master/build/classes/java/main/com/crud/tasks/TasksApplication.class]
17:03:02.497 [Test worker] INFO org.springframework.boot.test.context.SpringBootTestContextBootstrapper - Found @SpringBootConfiguration com.crud.tasks.TasksApplication for test class com.crud.tasks.TasksApplicationTests
17:03:02.852 [Test worker] DEBUG org.springframework.boot.test.context.SpringBootTestContextBootstrapper - @TestExecutionListeners is not present for class [com.crud.tasks.TasksApplicationTests]: using defaults.
17:03:02.852 [Test worker] INFO org.springframework.boot.test.context.SpringBootTestContextBootstrapper - Loaded default TestExecutionListener class names from location [META-INF/spring.factories]: [org.springframework.boot.test.autoconfigure.restdocs.RestDocsTestExecutionListener, org.springframework.boot.test.autoconfigure.web.client.MockRestServiceServerResetTestExecutionListener, org.springframework.boot.test.autoconfigure.web.servlet.MockMvcPrintOnlyOnFailureTestExecutionListener, org.springframework.boot.test.autoconfigure.web.servlet.WebDriverTestExecutionListener, org.springframework.boot.test.mock.mockito.MockitoTestExecutionListener, org.springframework.boot.test.mock.mockito.ResetMocksTestExecutionListener, org.springframework.test.context.web.ServletTestExecutionListener, org.springframework.test.context.support.DirtiesContextBeforeModesTestExecutionListener, org.springframework.test.context.support.DependencyInjectionTestExecutionListener, org.springframework.test.context.support.DirtiesContextTestExecutionListener, org.springframework.test.context.transaction.TransactionalTestExecutionListener, org.springframework.test.context.jdbc.SqlScriptsTestExecutionListener]
17:03:02.915 [Test worker] INFO org.springframework.boot.test.context.SpringBootTestContextBootstrapper - Using TestExecutionListeners: [org.springframework.test.context.web.ServletTestExecutionListener@251a0d05, org.springframework.test.context.support.DirtiesContextBeforeModesTestExecutionListener@37c1b32d, org.springframework.boot.test.autoconfigure.SpringBootDependencyInjectionTestExecutionListener@96dd978, org.springframework.test.context.support.DirtiesContextTestExecutionListener@69d1bf1d, org.springframework.test.context.transaction.TransactionalTestExecutionListener@1c56f507, org.springframework.test.context.jdbc.SqlScriptsTestExecutionListener@2634757b, org.springframework.boot.test.mock.mockito.MockitoTestExecutionListener@41f5cedc, org.springframework.boot.test.autoconfigure.restdocs.RestDocsTestExecutionListener@25b8b8a8, org.springframework.boot.test.autoconfigure.web.servlet.MockMvcPrintOnlyOnFailureTestExecutionListener@eed8fd5, org.springframework.boot.test.autoconfigure.web.servlet.WebDriverTestExecutionListener@bf7acde, org.springframework.boot.test.autoconfigure.web.client.MockRestServiceServerResetTestExecutionListener@649b0052, org.springframework.boot.test.mock.mockito.ResetMocksTestExecutionListener@4069991]
17:03:02.924 [Test worker] DEBUG org.springframework.test.annotation.ProfileValueUtils - Retrieved @ProfileValueSourceConfiguration [null] for test class [com.crud.tasks.TasksApplicationTests]
17:03:02.925 [Test worker] DEBUG org.springframework.test.annotation.ProfileValueUtils - Retrieved ProfileValueSource type [class org.springframework.test.annotation.SystemProfileValueSource] for class [com.crud.tasks.TasksApplicationTests]
17:03:02.928 [Test worker] DEBUG org.springframework.test.annotation.ProfileValueUtils - Retrieved @ProfileValueSourceConfiguration [null] for test class [com.crud.tasks.TasksApplicationTests]
17:03:02.928 [Test worker] DEBUG org.springframework.test.annotation.ProfileValueUtils - Retrieved ProfileValueSource type [class org.springframework.test.annotation.SystemProfileValueSource] for class [com.crud.tasks.TasksApplicationTests]
17:03:02.937 [Test worker] DEBUG org.springframework.test.context.support.AbstractDirtiesContextTestExecutionListener - Before test class: context [DefaultTestContext@7e496d70 testClass = TasksApplicationTests, testInstance = [null], testMethod = [null], testException = [null], mergedContextConfiguration = [WebMergedContextConfiguration@18825a77 testClass = TasksApplicationTests, locations = '{}', classes = '{class com.crud.tasks.TasksApplication}', contextInitializerClasses = '[]', activeProfiles = '{}', propertySourceLocations = '{}', propertySourceProperties = '{org.springframework.boot.test.context.SpringBootTestContextBootstrapper=true}', contextCustomizers = set[org.springframework.boot.test.autoconfigure.properties.PropertyMappingContextCustomizer@0, org.springframework.boot.test.autoconfigure.web.servlet.WebDriverContextCustomizerFactory$Customizer@241a67bf, org.springframework.boot.test.context.SpringBootTestContextCustomizer@4b8917d5, org.springframework.boot.test.context.filter.ExcludeFilterContextCustomizer@52d7f305, org.springframework.boot.test.json.DuplicateJsonObjectContextCustomizerFactory$DuplicateJsonObjectContextCustomizer@3aa7c0fd, org.springframework.boot.test.mock.mockito.MockitoContextCustomizer@0], resourceBasePath = 'src/main/webapp', contextLoader = 'org.springframework.boot.test.context.SpringBootContextLoader', parent = [null]], attributes = map['org.springframework.test.context.web.ServletTestExecutionListener.activateListener' -> true]], class annotated with @DirtiesContext [false] with mode [null].
17:03:02.939 [Test worker] DEBUG org.springframework.test.annotation.ProfileValueUtils - Retrieved @ProfileValueSourceConfiguration [null] for test class [com.crud.tasks.TasksApplicationTests]
17:03:02.939 [Test worker] DEBUG org.springframework.test.annotation.ProfileValueUtils - Retrieved ProfileValueSource type [class org.springframework.test.annotation.SystemProfileValueSource] for class [com.crud.tasks.TasksApplicationTests]
17:03:02.965 [Test worker] DEBUG org.springframework.core.env.StandardEnvironment - Adding PropertySource 'systemProperties' with lowest search precedence
17:03:02.965 [Test worker] DEBUG org.springframework.core.env.StandardEnvironment - Adding PropertySource 'systemEnvironment' with lowest search precedence
17:03:02.966 [Test worker] DEBUG org.springframework.core.env.StandardEnvironment - Initialized StandardEnvironment with PropertySources [MapPropertySource@368869224 {name='systemProperties', properties={java.runtime.name=Java(TM) SE Runtime Environment, sun.boot.library.path=/Library/Java/JavaVirtualMachines/jdk1.8.0_151.jdk/Contents/Home/jre/lib, java.vm.version=25.151-b12, gopherProxySet=false, java.vm.vendor=Oracle Corporation, java.vendor.url=http://java.oracle.com/, path.separator=:, java.vm.name=Java HotSpot(TM) 64-Bit Server VM, file.encoding.pkg=sun.io, sun.java.launcher=SUN_STANDARD, user.country=PL, sun.os.patch.level=unknown, java.vm.specification.name=Java Virtual Machine Specification, user.dir=/Users/mikepolak/Downloads/michal-kalas-project-master, java.runtime.version=1.8.0_151-b12, java.awt.graphicsenv=sun.awt.CGraphicsEnvironment, java.endorsed.dirs=/Library/Java/JavaVirtualMachines/jdk1.8.0_151.jdk/Contents/Home/jre/lib/endorsed, os.arch=x86_64, java.io.tmpdir=/var/folders/mh/873zkjwn29g7m55l6m239l580000gn/T/, line.separator=
, java.vm.specification.vendor=Oracle Corporation, user.variant=, os.name=Mac OS X, sun.jnu.encoding=UTF-8, java.library.path=/Users/mikepolak/Library/Java/Extensions:/Library/Java/Extensions:/Network/Library/Java/Extensions:/System/Library/Java/Extensions:/usr/lib/java:., java.specification.name=Java Platform API Specification, java.class.version=52.0, org.gradle.native=false, sun.management.compiler=HotSpot 64-Bit Tiered Compilers, os.version=10.13.2, http.nonProxyHosts=tomatoproxy.eu|*.tomatoproxy.eu, user.home=/Users/mikepolak, user.timezone=Europe/Warsaw, java.awt.printerjob=sun.lwawt.macosx.CPrinterJob, file.encoding=UTF-8, java.specification.version=1.8, java.class.path=/Users/mikepolak/Downloads/michal-kalas-project-master/build/classes/java/test:/Users/mikepolak/Downloads/michal-kalas-project-master/build/resources/test:/Users/mikepolak/Downloads/michal-kalas-project-master/build/classes/java/main:/Users/mikepolak/Downloads/michal-kalas-project-master/build/resources/main:/Users/mikepolak/.gradle/caches/modules-2/files-2.1/org.springframework.boot/spring-boot-starter-data-jpa/2.0.0.M7/2b296829ab8517ff3754bdab10d85536767038c2/spring-boot-starter-data-jpa-2.0.0.M7.jar:/Users/mikepolak/.gradle/caches/modules-2/files-2.1/mysql/mysql-connector-java/5.1.44/61b6b998192c85bb581c6be90e03dcd4b9079db4/mysql-connector-java-5.1.44.jar:/Users/mikepolak/.gradle/caches/modules-2/files-2.1/org.springframework.boot/spring-boot-starter-web/2.0.0.M7/eb364c43417c6de883c38ffc9d79b91a63c9c3bd/spring-boot-starter-web-2.0.0.M7.jar:/Users/mikepolak/.gradle/caches/modules-2/files-2.1/org.projectlombok/lombok/1.16.18/557d13dcb647038dc687390711ccb5c9b3ffbd60/lombok-1.16.18.jar:/Users/mikepolak/.gradle/caches/modules-2/files-2.1/org.springframework.boot/spring-boot-starter-tomcat/2.0.0.M7/709f5f42c3cfdc6d5a5d6921b7bcb7714f8d638c/spring-boot-starter-tomcat-2.0.0.M7.jar:/Users/mikepolak/.gradle/caches/modules-2/files-2.1/org.springframework.boot/spring-boot-starter-test/2.0.0.M7/8cf69bda8093fc1fb7436a82fac3adde4fd5e97b/spring-boot-starter-test-2.0.0.M7.jar:/Users/mikepolak/.gradle/caches/modules-2/files-2.1/org.springframework.boot/spring-boot-starter-aop/2.0.0.M7/6a979041d2c43d4f5ba8025ba6fafb0df4698679/spring-boot-starter-aop-2.0.0.M7.jar:/Users/mikepolak/.gradle/caches/modules-2/files-2.1/org.springframework.boot/spring-boot-starter-jdbc/2.0.0.M7/cd0eb5ba738573c70b24f5aab663c9e8270d4d93/spring-boot-starter-jdbc-2.0.0.M7.jar:/Users/mikepolak/.gradle/caches/modules-2/files-2.1/org.springframework.boot/spring-boot-starter-json/2.0.0.M7/7f352d7960cbe1a341e0721625dddb1bca6c5313/spring-boot-starter-json-2.0.0.M7.jar:/Users/mikepolak/.gradle/caches/modules-2/files-2.1/org.springframework.boot/spring-boot-starter/2.0.0.M7/b9affaea8ab21294386d5c2682b66f143852878d/spring-boot-starter-2.0.0.M7.jar:/Users/mikepolak/.gradle/caches/modules-2/files-2.1/org.hibernate/hibernate-core/5.2.12.Final/ea479b6692e22c9b642dd4142db670e92d106544/hibernate-core-5.2.12.Final.jar:/Users/mikepolak/.gradle/caches/modules-2/files-2.1/javax.transaction/javax.transaction-api/1.2/d81aff979d603edd90dcd8db2abc1f4ce6479e3e/javax.transaction-api-1.2.jar:/Users/mikepolak/.gradle/caches/modules-2/files-2.1/org.springframework.data/spring-data-jpa/2.0.2.RELEASE/87ab35c6913a55acade27592161d3b7a543c68a9/spring-data-jpa-2.0.2.RELEASE.jar:/Users/mikepolak/.gradle/caches/modules-2/files-2.1/org.springframework/spring-aspects/5.0.2.RELEASE/b26a3ab00f741144c4e2dab39c0ab0ea7a411ef/spring-aspects-5.0.2.RELEASE.jar:/Users/mikepolak/.gradle/caches/modules-2/files-2.1/org.hibernate.validator/hibernate-validator/6.0.5.Final/c0a53a8178a0487c5f2fe84434b9965a3cd44f22/hibernate-validator-6.0.5.Final.jar:/Users/mikepolak/.gradle/caches/modules-2/files-2.1/org.springframework/spring-webmvc/5.0.2.RELEASE/8dbe4a28cae3ffa222aeff6776a3928a88d66e6f/spring-webmvc-5.0.2.RELEASE.jar:/Users/mikepolak/.gradle/caches/modules-2/files-2.1/org.springframework/spring-web/5.0.2.RELEASE/eea8edef792fb93c1c55cc61078ce14ffb3542df/spring-web-5.0.2.RELEASE.jar:/Users/mikepolak/.gradle/caches/modules-2/files-2.1/org.apache.tomcat.embed/tomcat-embed-websocket/8.5.23/52f07abcae10dc7e1764304b0877def175c2c833/tomcat-embed-websocket-8.5.23.jar:/Users/mikepolak/.gradle/caches/modules-2/files-2.1/org.apache.tomcat.embed/tomcat-embed-core/8.5.23/79261793a47f507890ee08f749b9d81774e4f7f0/tomcat-embed-core-8.5.23.jar:/Users/mikepolak/.gradle/caches/modules-2/files-2.1/org.apache.tomcat.embed/tomcat-embed-el/8.5.23/98d979cde444dffa6d434c8377d0123b2dfa614c/tomcat-embed-el-8.5.23.jar:/Users/mikepolak/.gradle/caches/modules-2/files-2.1/org.springframework.boot/spring-boot-test-autoconfigure/2.0.0.M7/e394cadb478d2010bc16e3bb9bb4aae3393c5241/spring-boot-test-autoconfigure-2.0.0.M7.jar:/Users/mikepolak/.gradle/caches/modules-2/files-2.1/org.springframework.boot/spring-boot-test/2.0.0.M7/6a9052117e71cce41eb0bddb68b97ffeaf0b32c4/spring-boot-test-2.0.0.M7.jar:/Users/mikepolak/.gradle/caches/modules-2/files-2.1/com.jayway.jsonpath/json-path/2.4.0/765a4401ceb2dc8d40553c2075eb80a8fa35c2ae/json-path-2.4.0.jar:/Users/mikepolak/.gradle/caches/modules-2/files-2.1/junit/junit/4.12/2973d150c0dc1fefe998f834810d68f278ea58ec/junit-4.12.jar:/Users/mikepolak/.gradle/caches/modules-2/files-2.1/org.assertj/assertj-core/3.8.0/b209d90ff2e279bee3e02547ee7b11349c52d0e3/assertj-core-3.8.0.jar:/Users/mikepolak/.gradle/caches/modules-2/files-2.1/org.mockito/mockito-core/2.12.0/a42fb82aa1eccb27c3f0371c8bc7385ae1c6598d/mockito-core-2.12.0.jar:/Users/mikepolak/.gradle/caches/modules-2/files-2.1/org.hamcrest/hamcrest-library/1.3/4785a3c21320980282f9f33d0d1264a69040538f/hamcrest-library-1.3.jar:/Users/mikepolak/.gradle/caches/modules-2/files-2.1/org.hamcrest/hamcrest-core/1.3/42a25dc3219429f0e5d060061f71acb49bf010a0/hamcrest-core-1.3.jar:/Users/mikepolak/.gradle/caches/modules-2/files-2.1/org.skyscreamer/jsonassert/1.5.0/6c9d5fe2f59da598d9aefc1cfc6528ff3cf32df3/jsonassert-1.5.0.jar:/Users/mikepolak/.gradle/caches/modules-2/files-2.1/org.springframework/spring-test/5.0.2.RELEASE/a6fdd26c9a21958134522a5232e9f23929985f9/spring-test-5.0.2.RELEASE.jar:/Users/mikepolak/.gradle/caches/modules-2/files-2.1/org.springframework.boot/spring-boot-autoconfigure/2.0.0.M7/db2360882ec36c119c4378d01b0325a833b07271/spring-boot-autoconfigure-2.0.0.M7.jar:/Users/mikepolak/.gradle/caches/modules-2/files-2.1/org.springframework.boot/spring-boot/2.0.0.M7/b1e1ad98517ae8988dd578b3ae2e2705c8f5634/spring-boot-2.0.0.M7.jar:/Users/mikepolak/.gradle/caches/modules-2/files-2.1/org.springframework/spring-context/5.0.2.RELEASE/743a5f6d94a8af5759e6e70c360a7b4a47a704c/spring-context-5.0.2.RELEASE.jar:/Users/mikepolak/.gradle/caches/modules-2/files-2.1/org.springframework/spring-aop/5.0.2.RELEASE/4d49aa2cff33be79da99413e28a905898600ccaa/spring-aop-5.0.2.RELEASE.jar:/Users/mikepolak/.gradle/caches/modules-2/files-2.1/org.springframework/spring-orm/5.0.2.RELEASE/59f207a8426f6090734663afcd6d6003cca57ce8/spring-orm-5.0.2.RELEASE.jar:/Users/mikepolak/.gradle/caches/modules-2/files-2.1/org.springframework/spring-jdbc/5.0.2.RELEASE/5efc255d4073cfa639ecf8e92f162528519f9dd3/spring-jdbc-5.0.2.RELEASE.jar:/Users/mikepolak/.gradle/caches/modules-2/files-2.1/org.springframework.data/spring-data-commons/2.0.2.RELEASE/1befa3239976b856202b1735531910a0c2f4e17f/spring-data-commons-2.0.2.RELEASE.jar:/Users/mikepolak/.gradle/caches/modules-2/files-2.1/org.springframework/spring-tx/5.0.2.RELEASE/38ef30ad6e34b5004c8955685b6a7ea753717b7d/spring-tx-5.0.2.RELEASE.jar:/Users/mikepolak/.gradle/caches/modules-2/files-2.1/org.springframework/spring-beans/5.0.2.RELEASE/301ee07b390bc8b5691f4206411b49beb06f7ff2/spring-beans-5.0.2.RELEASE.jar:/Users/mikepolak/.gradle/caches/modules-2/files-2.1/org.springframework/spring-expression/5.0.2.RELEASE/246bf50b5b46379041d333b4a46a01a7aea0b788/spring-expression-5.0.2.RELEASE.jar:/Users/mikepolak/.gradle/caches/modules-2/files-2.1/org.springframework/spring-core/5.0.2.RELEASE/45b2958ab3fb022dd29f8b1c553ebf1c75a144aa/spring-core-5.0.2.RELEASE.jar:/Users/mikepolak/.gradle/caches/modules-2/files-2.1/org.xmlunit/xmlunit-core/2.5.1/4ffdb346572a7356f7521cd3119ce5287d2e339d/xmlunit-core-2.5.1.jar:/Users/mikepolak/.gradle/caches/modules-2/files-2.1/org.springframework.boot/spring-boot-starter-logging/2.0.0.M7/328a8032b5ed852958d410dec02638c0a93b3cb1/spring-boot-starter-logging-2.0.0.M7.jar:/Users/mikepolak/.gradle/caches/modules-2/files-2.1/javax.annotation/javax.annotation-api/1.3.1/20a2c0583598d68b0835474bbe07792d4f3b219f/javax.annotation-api-1.3.1.jar:/Users/mikepolak/.gradle/caches/modules-2/files-2.1/org.yaml/snakeyaml/1.19/2d998d3d674b172a588e54ab619854d073f555b5/snakeyaml-1.19.jar:/Users/mikepolak/.gradle/caches/modules-2/files-2.1/org.aspectj/aspectjweaver/1.8.13/ad94df2a28d658a40dc27bbaff6a1ce5fbf04e9b/aspectjweaver-1.8.13.jar:/Users/mikepolak/.gradle/caches/modules-2/files-2.1/com.zaxxer/HikariCP/2.7.4/c101cbc2d07c0adffa0857e742229ef785892699/HikariCP-2.7.4.jar:/Users/mikepolak/.gradle/caches/modules-2/files-2.1/org.hibernate.common/hibernate-commons-annotations/5.0.1.Final/71e1cff3fcb20d3b3af4f3363c3ddb24d33c6879/hibernate-commons-annotations-5.0.1.Final.jar:/Users/mikepolak/.gradle/caches/modules-2/files-2.1/org.jboss.logging/jboss-logging/3.3.1.Final/c46217ab74b532568c0ed31dc599db3048bd1b67/jboss-logging-3.3.1.Final.jar:/Users/mikepolak/.gradle/caches/modules-2/files-2.1/org.hibernate.javax.persistence/hibernate-jpa-2.1-api/1.0.0.Final/5e731d961297e5a07290bfaf3db1fbc8bbbf405a/hibernate-jpa-2.1-api-1.0.0.Final.jar:/Users/mikepolak/.gradle/caches/modules-2/files-2.1/org.javassist/javassist/3.22.0-CR2/44eaf0990dea92f4bca4b9931b2239c0e8756ee7/javassist-3.22.0-CR2.jar:/Users/mikepolak/.gradle/caches/modules-2/files-2.1/antlr/antlr/2.7.7/83cd2cd674a217ade95a4bb83a8a14f351f48bd0/antlr-2.7.7.jar:/Users/mikepolak/.gradle/caches/modules-2/files-2.1/org.jboss/jandex/2.0.3.Final/bfc4d6257dbff7a33a357f0de116be6ff951d849/jandex-2.0.3.Final.jar:/Users/mikepolak/.gradle/caches/modules-2/files-2.1/com.fasterxml/classmate/1.3.4/3d5f48f10bbe4eb7bd862f10c0583be2e0053c6/classmate-1.3.4.jar:/Users/mikepolak/.gradle/caches/modules-2/files-2.1/dom4j/dom4j/1.6.1/5d3ccc056b6f056dbf0dddfdf43894b9065a8f94/dom4j-1.6.1.jar:/Users/mikepolak/.gradle/caches/modules-2/files-2.1/ch.qos.logback/logback-classic/1.2.3/7c4f3c474fb2c041d8028740440937705ebb473a/logback-classic-1.2.3.jar:/Users/mikepolak/.gradle/caches/modules-2/files-2.1/org.apache.logging.log4j/log4j-to-slf4j/2.10.0/f7e631ccf49cfc0aefa4a2a728da7d374c05bd3c/log4j-to-slf4j-2.10.0.jar:/Users/mikepolak/.gradle/caches/modules-2/files-2.1/org.slf4j/jul-to-slf4j/1.7.25/af5364cd6679bfffb114f0dec8a157aaa283b76/jul-to-slf4j-1.7.25.jar:/Users/mikepolak/.gradle/caches/modules-2/files-2.1/org.slf4j/slf4j-api/1.7.25/da76ca59f6a57ee3102f8f9bd9cee742973efa8a/slf4j-api-1.7.25.jar:/Users/mikepolak/.gradle/caches/modules-2/files-2.1/com.fasterxml.jackson.datatype/jackson-datatype-jdk8/2.9.2/9b0b7c623262e29c73e8f6a78f6150372d2066f8/jackson-datatype-jdk8-2.9.2.jar:/Users/mikepolak/.gradle/caches/modules-2/files-2.1/com.fasterxml.jackson.datatype/jackson-datatype-jsr310/2.9.2/e1653d338703d8233cc1ac18c6722510bdaceb4f/jackson-datatype-jsr310-2.9.2.jar:/Users/mikepolak/.gradle/caches/modules-2/files-2.1/com.fasterxml.jackson.module/jackson-module-parameter-names/2.9.2/be78ca220839b2c53ebd33fd4d580b5a0cacdd5a/jackson-module-parameter-names-2.9.2.jar:/Users/mikepolak/.gradle/caches/modules-2/files-2.1/com.fasterxml.jackson.core/jackson-databind/2.9.2/1d8d8cb7cf26920ba57fb61fa56da88cc123b21f/jackson-databind-2.9.2.jar:/Users/mikepolak/.gradle/caches/modules-2/files-2.1/javax.validation/validation-api/2.0.0.Final/4a7ff48084bd336c4de1f79f027f6f77badf399e/validation-api-2.0.0.Final.jar:/Users/mikepolak/.gradle/caches/modules-2/files-2.1/org.apache.tomcat/tomcat-annotations-api/8.5.23/aaf17df9fe0240e9e9d5375d24d5f177174b73d9/tomcat-annotations-api-8.5.23.jar:/Users/mikepolak/.gradle/caches/modules-2/files-2.1/net.minidev/json-smart/2.3/7396407491352ce4fa30de92efb158adb76b5b/json-smart-2.3.jar:/Users/mikepolak/.gradle/caches/modules-2/files-2.1/net.bytebuddy/byte-buddy/1.7.9/51218a01a882c04d0aba8c028179cce488bbcb58/byte-buddy-1.7.9.jar:/Users/mikepolak/.gradle/caches/modules-2/files-2.1/net.bytebuddy/byte-buddy-agent/1.7.9/a6c65f9da7f467ee1f02ff2841ffd3155aee2fc9/byte-buddy-agent-1.7.9.jar:/Users/mikepolak/.gradle/caches/modules-2/files-2.1/org.objenesis/objenesis/2.6/639033469776fd37c08358c6b92a4761feb2af4b/objenesis-2.6.jar:/Users/mikepolak/.gradle/caches/modules-2/files-2.1/com.vaadin.external.google/android-json/0.0.20131108.vaadin1/fa26d351fe62a6a17f5cda1287c1c6110dec413f/android-json-0.0.20131108.vaadin1.jar:/Users/mikepolak/.gradle/caches/modules-2/files-2.1/org.springframework/spring-jcl/5.0.2.RELEASE/212a0bdd54e026641cf527aeb8e578f86e402bf1/spring-jcl-5.0.2.RELEASE.jar:/Users/mikepolak/.gradle/caches/modules-2/files-2.1/com.fasterxml.jackson.core/jackson-annotations/2.9.0/7c10d545325e3a6e72e06381afe469fd40eb701/jackson-annotations-2.9.0.jar:/Users/mikepolak/.gradle/caches/modules-2/files-2.1/com.fasterxml.jackson.core/jackson-core/2.9.2/aed20e50152a2f19adc1995c8d8f307c7efa414d/jackson-core-2.9.2.jar:/Users/mikepolak/.gradle/caches/modules-2/files-2.1/net.minidev/accessors-smart/1.2/c592b500269bfde36096641b01238a8350f8aa31/accessors-smart-1.2.jar:/Users/mikepolak/.gradle/caches/modules-2/files-2.1/ch.qos.logback/logback-core/1.2.3/864344400c3d4d92dfeb0a305dc87d953677c03c/logback-core-1.2.3.jar:/Users/mikepolak/.gradle/caches/modules-2/files-2.1/org.apache.logging.log4j/log4j-api/2.10.0/fec5797a55b786184a537abd39c3fa1449d752d6/log4j-api-2.10.0.jar:/Users/mikepolak/.gradle/caches/modules-2/files-2.1/org.ow2.asm/asm/5.0.4/da08b8cce7bbf903602a25a3a163ae252435795/asm-5.0.4.jar, user.name=mikepolak, java.vm.specification.version=1.8, sun.java.command=worker.org.gradle.process.internal.worker.GradleWorkerMain 'Gradle Test Executor 1', java.home=/Library/Java/JavaVirtualMachines/jdk1.8.0_151.jdk/Contents/Home/jre, sun.arch.data.model=64, user.language=pl, java.specification.vendor=Oracle Corporation, awt.toolkit=sun.lwawt.macosx.LWCToolkit, java.vm.info=mixed mode, java.version=1.8.0_151, java.ext.dirs=/Users/mikepolak/Library/Java/Extensions:/Library/Java/JavaVirtualMachines/jdk1.8.0_151.jdk/Contents/Home/jre/lib/ext:/Library/Java/Extensions:/Network/Library/Java/Extensions:/System/Library/Java/Extensions:/usr/lib/java, sun.boot.class.path=/Library/Java/JavaVirtualMachines/jdk1.8.0_151.jdk/Contents/Home/jre/lib/resources.jar:/Library/Java/JavaVirtualMachines/jdk1.8.0_151.jdk/Contents/Home/jre/lib/rt.jar:/Library/Java/JavaVirtualMachines/jdk1.8.0_151.jdk/Contents/Home/jre/lib/sunrsasign.jar:/Library/Java/JavaVirtualMachines/jdk1.8.0_151.jdk/Contents/Home/jre/lib/jsse.jar:/Library/Java/JavaVirtualMachines/jdk1.8.0_151.jdk/Contents/Home/jre/lib/jce.jar:/Library/Java/JavaVirtualMachines/jdk1.8.0_151.jdk/Contents/Home/jre/lib/charsets.jar:/Library/Java/JavaVirtualMachines/jdk1.8.0_151.jdk/Contents/Home/jre/lib/jfr.jar:/Library/Java/JavaVirtualMachines/jdk1.8.0_151.jdk/Contents/Home/jre/classes, java.vendor=Oracle Corporation, org.gradle.test.worker=1, file.separator=/, java.vendor.url.bug=http://bugreport.sun.com/bugreport/, sun.io.unicode.encoding=UnicodeBig, sun.cpu.endian=little, socksNonProxyHosts=tomatoproxy.eu|*.tomatoproxy.eu, ftp.nonProxyHosts=tomatoproxy.eu|*.tomatoproxy.eu, sun.cpu.isalist=}}, SystemEnvironmentPropertySource@787820894 {name='systemEnvironment', properties={PATH=/usr/local/bin:/usr/bin:/bin:/usr/sbin:/sbin, JAVA_ARCH=x86_64, SHELL=/bin/bash, APP_NAME_3815=Gradle, TERM=xterm-256color, OLDPWD=/Users/mikepolak/Downloads/michal-kalas-project-master, USER=mikepolak, TMPDIR=/var/folders/mh/873zkjwn29g7m55l6m239l580000gn/T/, SSH_AUTH_SOCK=/private/tmp/com.apple.launchd.agHxGXNyNG/Listeners, JAVA_MAIN_CLASS_3815=org.gradle.wrapper.GradleWrapperMain, XPC_FLAGS=0x0, JAVA_MAIN_CLASS_3829=worker.org.gradle.process.internal.worker.GradleWorkerMain, __CF_USER_TEXT_ENCODING=0x1F5:0x1D:0x2A, Apple_PubSub_Socket_Render=/private/tmp/com.apple.launchd.JN7aSTKs3D/Render, com.apple.java.jvmTask=CommandLine, LOGNAME=mikepolak, LC_CTYPE=pl_PL.UTF-8, PWD=/Users/mikepolak/Downloads/michal-kalas-project-master, XPC_SERVICE_NAME=0, APP_ICON_3815=/Users/mikepolak/Downloads/michal-kalas-project-master/media/gradle.icns, SHLVL=1, HOME=/Users/mikepolak}}]
17:03:02.974 [Test worker] DEBUG org.springframework.test.context.support.TestPropertySourceUtils - Adding inlined properties to environment: {spring.jmx.enabled=false, org.springframework.boot.test.context.SpringBootTestContextBootstrapper=true, server.port=-1}
17:03:02.974 [Test worker] DEBUG org.springframework.core.env.StandardEnvironment - Adding PropertySource 'Inlined Test Properties' with highest search precedence

  .   ____          _            __ _ _
 /\\ / ___'_ __ _ _(_)_ __  __ _ \ \ \ \
( ( )\___ | '_ | '_| | '_ \/ _` | \ \ \ \
 \\/  ___)| |_)| | | | | || (_| |  ) ) ) )
  '  |____| .__|_| |_|_| |_\__, | / / / /
 =========|_|==============|___/=/_/_/_/
 :: Spring Boot ::             (v2.0.0.M7)

2018-01-28 17:03:03.414  INFO 3829 --- [    Test worker] com.crud.tasks.TasksApplicationTests     : Starting TasksApplicationTests on macbook-air.home with PID 3829 (started by mikepolak in /Users/mikepolak/Downloads/michal-kalas-project-master)
2018-01-28 17:03:03.424  INFO 3829 --- [    Test worker] com.crud.tasks.TasksApplicationTests     : No active profile set, falling back to default profiles: default
2018-01-28 17:03:03.500  INFO 3829 --- [    Test worker] o.s.w.c.s.GenericWebApplicationContext   : Refreshing org.springframework.web.context.support.GenericWebApplicationContext@2a248aaf: startup date [Sun Jan 28 17:03:03 CET 2018]; root of context hierarchy
2018-01-28 17:03:06.597  INFO 3829 --- [    Test worker] o.h.v.i.engine.ValidatorFactoryImpl      : HV000238: Temporal validation tolerance set to 0.
2018-01-28 17:03:06.999  INFO 3829 --- [    Test worker] com.zaxxer.hikari.HikariDataSource       : testdb - Starting...
2018-01-28 17:03:07.577  INFO 3829 --- [    Test worker] com.zaxxer.hikari.HikariDataSource       : testdb - Start completed.
2018-01-28 17:03:07.654  INFO 3829 --- [    Test worker] j.LocalContainerEntityManagerFactoryBean : Building JPA container EntityManagerFactory for persistence unit 'default'
2018-01-28 17:03:07.806  INFO 3829 --- [    Test worker] o.hibernate.jpa.internal.util.LogHelper  : HHH000204: Processing PersistenceUnitInfo [
	name: default
	...]
2018-01-28 17:03:07.963  INFO 3829 --- [    Test worker] org.hibernate.Version                    : HHH000412: Hibernate Core {5.2.12.Final}
2018-01-28 17:03:07.966  INFO 3829 --- [    Test worker] org.hibernate.cfg.Environment            : HHH000206: hibernate.properties not found
2018-01-28 17:03:08.096  INFO 3829 --- [    Test worker] o.hibernate.annotations.common.Version   : HCANN000001: Hibernate Commons Annotations {5.0.1.Final}
2018-01-28 17:03:08.282  INFO 3829 --- [    Test worker] org.hibernate.dialect.Dialect            : HHH000400: Using dialect: org.hibernate.dialect.MySQL5Dialect
2018-01-28 17:03:08.681  INFO 3829 --- [    Test worker] o.h.v.i.engine.ValidatorFactoryImpl      : HV000238: Temporal validation tolerance set to 0.
2018-01-28 17:03:08.973  INFO 3829 --- [    Test worker] j.LocalContainerEntityManagerFactoryBean : Initialized JPA EntityManagerFactory for persistence unit 'default'
2018-01-28 17:03:10.340  INFO 3829 --- [    Test worker] o.h.v.i.engine.ValidatorFactoryImpl      : HV000238: Temporal validation tolerance set to 0.
2018-01-28 17:03:10.997  INFO 3829 --- [    Test worker] s.w.s.m.m.a.RequestMappingHandlerAdapter : Looking for @ControllerAdvice: org.springframework.web.context.support.GenericWebApplicationContext@2a248aaf: startup date [Sun Jan 28 17:03:03 CET 2018]; root of context hierarchy
2018-01-28 17:03:11.087  WARN 3829 --- [    Test worker] aWebConfiguration$JpaWebMvcConfiguration : spring.jpa.open-in-view is enabled by default. Therefore, database queries may be performed during view rendering. Explicitly configure spring.jpa.open-in-view to disable this warning
2018-01-28 17:03:11.171  INFO 3829 --- [    Test worker] s.w.s.m.m.a.RequestMappingHandlerMapping : Mapped "{[/v1/task/getTasks],methods=[GET]}" onto public java.util.List<com.crud.tasks.domain.TaskDto> com.crud.tasks.controller.TaskController.getTasks()
2018-01-28 17:03:11.174  INFO 3829 --- [    Test worker] s.w.s.m.m.a.RequestMappingHandlerMapping : Mapped "{[/v1/task/deleteTask],methods=[DELETE]}" onto public void com.crud.tasks.controller.TaskController.deleteTask(long)
2018-01-28 17:03:11.175  INFO 3829 --- [    Test worker] s.w.s.m.m.a.RequestMappingHandlerMapping : Mapped "{[/v1/task/updateTask],methods=[PUT]}" onto public com.crud.tasks.domain.TaskDto com.crud.tasks.controller.TaskController.updateTask(com.crud.tasks.domain.TaskDto)
2018-01-28 17:03:11.176  INFO 3829 --- [    Test worker] s.w.s.m.m.a.RequestMappingHandlerMapping : Mapped "{[/v1/task/createTask],methods=[POST],consumes=[application/json]}" onto public void com.crud.tasks.controller.TaskController.createTask(com.crud.tasks.domain.TaskDto)
2018-01-28 17:03:11.177  INFO 3829 --- [    Test worker] s.w.s.m.m.a.RequestMappingHandlerMapping : Mapped "{[/v1/task/getTask],methods=[GET]}" onto public com.crud.tasks.domain.TaskDto com.crud.tasks.controller.TaskController.getTask(java.lang.Long) throws com.crud.tasks.controller.TaskNotFoundException
2018-01-28 17:03:11.183  INFO 3829 --- [    Test worker] s.w.s.m.m.a.RequestMappingHandlerMapping : Mapped "{[/error]}" onto public org.springframework.http.ResponseEntity<java.util.Map<java.lang.String, java.lang.Object>> org.springframework.boot.autoconfigure.web.servlet.error.BasicErrorController.error(javax.servlet.http.HttpServletRequest)
2018-01-28 17:03:11.184  INFO 3829 --- [    Test worker] s.w.s.m.m.a.RequestMappingHandlerMapping : Mapped "{[/error],produces=[text/html]}" onto public org.springframework.web.servlet.ModelAndView org.springframework.boot.autoconfigure.web.servlet.error.BasicErrorController.errorHtml(javax.servlet.http.HttpServletRequest,javax.servlet.http.HttpServletResponse)
2018-01-28 17:03:11.262  INFO 3829 --- [    Test worker] o.s.w.s.handler.SimpleUrlHandlerMapping  : Mapped URL path [/webjars/**] onto handler of type [class org.springframework.web.servlet.resource.ResourceHttpRequestHandler]
2018-01-28 17:03:11.263  INFO 3829 --- [    Test worker] o.s.w.s.handler.SimpleUrlHandlerMapping  : Mapped URL path [/**] onto handler of type [class org.springframework.web.servlet.resource.ResourceHttpRequestHandler]
2018-01-28 17:03:11.338  INFO 3829 --- [    Test worker] o.s.w.s.handler.SimpleUrlHandlerMapping  : Mapped URL path [/**/favicon.ico] onto handler of type [class org.springframework.web.servlet.resource.ResourceHttpRequestHandler]
2018-01-28 17:03:11.775  INFO 3829 --- [    Test worker] com.crud.tasks.TasksApplicationTests     : Started TasksApplicationTests in 8.78 seconds (JVM running for 11.028)
]]></system-out>
  <system-err><![CDATA[]]></system-err>
</testsuite>
