<?xml version="1.0" encoding="UTF-8"?>
<testsuite name="com.crud.tasks.service.DbServiceTestSuite" tests="4" skipped="0" failures="0" errors="0" timestamp="2018-03-06T21:49:44" hostname="macbook-air.home" time="0.006">
  <properties/>
  <testcase name="getAllTasksTest" classname="com.crud.tasks.service.DbServiceTestSuite" time="0.001"/>
  <testcase name="saveTaskTest" classname="com.crud.tasks.service.DbServiceTestSuite" time="0.0"/>
  <testcase name="getTaskTest" classname="com.crud.tasks.service.DbServiceTestSuite" time="0.001"/>
  <testcase name="deleteTaskTest" classname="com.crud.tasks.service.DbServiceTestSuite" time="0.001"/>
  <system-out><![CDATA[]]></system-out>
  <system-err><![CDATA[]]></system-err>
</testsuite>
